[3.351s] Invoking command in '/home/device07/parkingbot': CONDA_PROMPT_MODIFIER=(jetson07) PYTHONPATH=/home/device07/parkingbot/build/parkingbot/prefix_override:/usr/lib/python3/dist-packages/colcon_core/task/python/colcon_distutils_commands:/home/device07/parkingbot/install/parkingbot/lib/python3.8/site-packages:${PYTHONPATH} /usr/bin/python3 -W ignore:setup.py install is deprecated -W ignore:easy_install command is deprecated setup.py egg_info --egg-base build/parkingbot build --build-base /home/device07/parkingbot/build/parkingbot/build install --record /home/device07/parkingbot/build/parkingbot/install.log --single-version-externally-managed install_data
[4.446s] running egg_info
[4.448s] writing build/parkingbot/parkingbot.egg-info/PKG-INFO
[4.449s] writing dependency_links to build/parkingbot/parkingbot.egg-info/dependency_links.txt
[4.451s] writing entry points to build/parkingbot/parkingbot.egg-info/entry_points.txt
[4.451s] writing requirements to build/parkingbot/parkingbot.egg-info/requires.txt
[4.452s] writing top-level names to build/parkingbot/parkingbot.egg-info/top_level.txt
[4.635s] reading manifest file 'build/parkingbot/parkingbot.egg-info/SOURCES.txt'
[4.639s] writing manifest file 'build/parkingbot/parkingbot.egg-info/SOURCES.txt'
[4.640s] running build
[4.641s] running build_py
[4.643s] running install
[4.647s] running install_lib
[4.655s] running install_data
[4.656s] running install_egg_info
[4.664s] removing '/home/device07/parkingbot/install/parkingbot/lib/python3.8/site-packages/parkingbot-0.0.1-py3.8.egg-info' (and everything under it)
[4.666s] Copying build/parkingbot/parkingbot.egg-info to /home/device07/parkingbot/install/parkingbot/lib/python3.8/site-packages/parkingbot-0.0.1-py3.8.egg-info
[4.672s] running install_scripts
[4.755s] Installing parkingbot_node script to /home/device07/parkingbot/install/parkingbot/lib/parkingbot
[4.757s] writing list of installed files to '/home/device07/parkingbot/build/parkingbot/install.log'
[4.857s] Invoked command in '/home/device07/parkingbot' returned '0': CONDA_PROMPT_MODIFIER=(jetson07) PYTHONPATH=/home/device07/parkingbot/build/parkingbot/prefix_override:/usr/lib/python3/dist-packages/colcon_core/task/python/colcon_distutils_commands:/home/device07/parkingbot/install/parkingbot/lib/python3.8/site-packages:${PYTHONPATH} /usr/bin/python3 -W ignore:setup.py install is deprecated -W ignore:easy_install command is deprecated setup.py egg_info --egg-base build/parkingbot build --build-base /home/device07/parkingbot/build/parkingbot/build install --record /home/device07/parkingbot/build/parkingbot/install.log --single-version-externally-managed install_data
