[3.446s] Invoking command in '/home/device07/parkingbot': CONDA_PROMPT_MODIFIER=(jetson07) PYTHONPATH=/home/device07/parkingbot/build/parkingbot/prefix_override:/usr/lib/python3/dist-packages/colcon_core/task/python/colcon_distutils_commands:/home/device07/parkingbot/install/parkingbot/lib/python3.8/site-packages:${PYTHONPATH} /usr/bin/python3 -W ignore:setup.py install is deprecated -W ignore:easy_install command is deprecated setup.py egg_info --egg-base build/parkingbot build --build-base /home/device07/parkingbot/build/parkingbot/build install --record /home/device07/parkingbot/build/parkingbot/install.log --single-version-externally-managed install_data
[4.558s] running egg_info
[4.559s] writing build/parkingbot/parkingbot.egg-info/PKG-INFO
[4.561s] writing dependency_links to build/parkingbot/parkingbot.egg-info/dependency_links.txt
[4.562s] writing entry points to build/parkingbot/parkingbot.egg-info/entry_points.txt
[4.563s] writing requirements to build/parkingbot/parkingbot.egg-info/requires.txt
[4.563s] writing top-level names to build/parkingbot/parkingbot.egg-info/top_level.txt
[4.743s] reading manifest file 'build/parkingbot/parkingbot.egg-info/SOURCES.txt'
[4.749s] writing manifest file 'build/parkingbot/parkingbot.egg-info/SOURCES.txt'
[4.749s] running build
[4.750s] running build_py
[4.750s] copying parkingbot/depth_helper.py -> /home/device07/parkingbot/build/parkingbot/build/lib/parkingbot
[4.751s] copying parkingbot/vision_node.py -> /home/device07/parkingbot/build/parkingbot/build/lib/parkingbot
[4.753s] running install
[4.757s] running install_lib
[4.762s] copying /home/device07/parkingbot/build/parkingbot/build/lib/parkingbot/depth_helper.py -> /home/device07/parkingbot/install/parkingbot/lib/python3.8/site-packages/parkingbot
[4.764s] copying /home/device07/parkingbot/build/parkingbot/build/lib/parkingbot/vision_node.py -> /home/device07/parkingbot/install/parkingbot/lib/python3.8/site-packages/parkingbot
[4.768s] byte-compiling /home/device07/parkingbot/install/parkingbot/lib/python3.8/site-packages/parkingbot/depth_helper.py to depth_helper.cpython-38.pyc
[4.777s] byte-compiling /home/device07/parkingbot/install/parkingbot/lib/python3.8/site-packages/parkingbot/vision_node.py to vision_node.cpython-38.pyc
[4.784s] running install_data
[4.785s] running install_egg_info
[4.793s] removing '/home/device07/parkingbot/install/parkingbot/lib/python3.8/site-packages/parkingbot-0.0.1-py3.8.egg-info' (and everything under it)
[4.795s] Copying build/parkingbot/parkingbot.egg-info to /home/device07/parkingbot/install/parkingbot/lib/python3.8/site-packages/parkingbot-0.0.1-py3.8.egg-info
[4.802s] running install_scripts
[4.882s] Installing parkingbot_node script to /home/device07/parkingbot/install/parkingbot/lib/parkingbot
[4.884s] writing list of installed files to '/home/device07/parkingbot/build/parkingbot/install.log'
[4.979s] Invoked command in '/home/device07/parkingbot' returned '0': CONDA_PROMPT_MODIFIER=(jetson07) PYTHONPATH=/home/device07/parkingbot/build/parkingbot/prefix_override:/usr/lib/python3/dist-packages/colcon_core/task/python/colcon_distutils_commands:/home/device07/parkingbot/install/parkingbot/lib/python3.8/site-packages:${PYTHONPATH} /usr/bin/python3 -W ignore:setup.py install is deprecated -W ignore:easy_install command is deprecated setup.py egg_info --egg-base build/parkingbot build --build-base /home/device07/parkingbot/build/parkingbot/build install --record /home/device07/parkingbot/build/parkingbot/install.log --single-version-externally-managed install_data
