[3.419s] Invoking command in '/home/device07/parkingbot': PYTHONPATH=/home/device07/parkingbot/build/parkingbot/prefix_override:/usr/lib/python3/dist-packages/colcon_core/task/python/colcon_distutils_commands:/home/device07/parkingbot/install/parkingbot/lib/python3.8/site-packages: /usr/bin/python3 -W ignore:setup.py install is deprecated -W ignore:easy_install command is deprecated setup.py egg_info --egg-base build/parkingbot build --build-base /home/device07/parkingbot/build/parkingbot/build install --record /home/device07/parkingbot/build/parkingbot/install.log --single-version-externally-managed install_data
[4.441s] running egg_info
[4.443s] writing build/parkingbot/parkingbot.egg-info/PKG-INFO
[4.444s] writing dependency_links to build/parkingbot/parkingbot.egg-info/dependency_links.txt
[4.445s] writing entry points to build/parkingbot/parkingbot.egg-info/entry_points.txt
[4.446s] writing requirements to build/parkingbot/parkingbot.egg-info/requires.txt
[4.447s] writing top-level names to build/parkingbot/parkingbot.egg-info/top_level.txt
[4.618s] reading manifest file 'build/parkingbot/parkingbot.egg-info/SOURCES.txt'
[4.624s] writing manifest file 'build/parkingbot/parkingbot.egg-info/SOURCES.txt'
[4.625s] running build
[4.625s] running build_py
[4.626s] copying parkingbot/depth_helper.py -> /home/device07/parkingbot/build/parkingbot/build/lib/parkingbot
[4.627s] copying parkingbot/vision_node.py -> /home/device07/parkingbot/build/parkingbot/build/lib/parkingbot
[4.628s] running install
[4.632s] running install_lib
[4.636s] copying /home/device07/parkingbot/build/parkingbot/build/lib/parkingbot/depth_helper.py -> /home/device07/parkingbot/install/parkingbot/lib/python3.8/site-packages/parkingbot
[4.637s] copying /home/device07/parkingbot/build/parkingbot/build/lib/parkingbot/vision_node.py -> /home/device07/parkingbot/install/parkingbot/lib/python3.8/site-packages/parkingbot
[4.640s] byte-compiling /home/device07/parkingbot/install/parkingbot/lib/python3.8/site-packages/parkingbot/depth_helper.py to depth_helper.cpython-38.pyc
[4.649s] byte-compiling /home/device07/parkingbot/install/parkingbot/lib/python3.8/site-packages/parkingbot/vision_node.py to vision_node.cpython-38.pyc
[4.655s] running install_data
[4.655s] running install_egg_info
[4.663s] removing '/home/device07/parkingbot/install/parkingbot/lib/python3.8/site-packages/parkingbot-0.0.1-py3.8.egg-info' (and everything under it)
[4.665s] Copying build/parkingbot/parkingbot.egg-info to /home/device07/parkingbot/install/parkingbot/lib/python3.8/site-packages/parkingbot-0.0.1-py3.8.egg-info
[4.671s] running install_scripts
[4.749s] Installing parkingbot_node script to /home/device07/parkingbot/install/parkingbot/lib/parkingbot
[4.751s] writing list of installed files to '/home/device07/parkingbot/build/parkingbot/install.log'
[4.848s] Invoked command in '/home/device07/parkingbot' returned '0': PYTHONPATH=/home/device07/parkingbot/build/parkingbot/prefix_override:/usr/lib/python3/dist-packages/colcon_core/task/python/colcon_distutils_commands:/home/device07/parkingbot/install/parkingbot/lib/python3.8/site-packages: /usr/bin/python3 -W ignore:setup.py install is deprecated -W ignore:easy_install command is deprecated setup.py egg_info --egg-base build/parkingbot build --build-base /home/device07/parkingbot/build/parkingbot/build install --record /home/device07/parkingbot/build/parkingbot/install.log --single-version-externally-managed install_data
