[3.680s] Invoking command in '/home/device07/parkingbot': PYTHONPATH=/home/device07/parkingbot/build/parkingbot/prefix_override:/usr/lib/python3/dist-packages/colcon_core/task/python/colcon_distutils_commands:/home/device07/parkingbot/install/parkingbot/lib/python3.8/site-packages:${PYTHONPATH} /usr/bin/python3 -W ignore:setup.py install is deprecated -W ignore:easy_install command is deprecated setup.py egg_info --egg-base build/parkingbot build --build-base /home/device07/parkingbot/build/parkingbot/build install --record /home/device07/parkingbot/build/parkingbot/install.log --single-version-externally-managed install_data
[4.940s] running egg_info
[4.945s] writing build/parkingbot/parkingbot.egg-info/PKG-INFO
[4.946s] writing dependency_links to build/parkingbot/parkingbot.egg-info/dependency_links.txt
[4.946s] writing entry points to build/parkingbot/parkingbot.egg-info/entry_points.txt
[4.947s] writing requirements to build/parkingbot/parkingbot.egg-info/requires.txt
[4.951s] writing top-level names to build/parkingbot/parkingbot.egg-info/top_level.txt
[5.143s] reading manifest file 'build/parkingbot/parkingbot.egg-info/SOURCES.txt'
[5.148s] writing manifest file 'build/parkingbot/parkingbot.egg-info/SOURCES.txt'
[5.148s] running build
[5.149s] running build_py
[5.152s] copying parkingbot/gesture_logic.py -> /home/device07/parkingbot/build/parkingbot/build/lib/parkingbot
[5.153s] running install
[5.156s] running install_lib
[5.161s] copying /home/device07/parkingbot/build/parkingbot/build/lib/parkingbot/gesture_logic.py -> /home/device07/parkingbot/install/parkingbot/lib/python3.8/site-packages/parkingbot
[5.165s] byte-compiling /home/device07/parkingbot/install/parkingbot/lib/python3.8/site-packages/parkingbot/gesture_logic.py to gesture_logic.cpython-38.pyc
[5.179s] running install_data
[5.179s] running install_egg_info
[5.189s] removing '/home/device07/parkingbot/install/parkingbot/lib/python3.8/site-packages/parkingbot-0.0.1-py3.8.egg-info' (and everything under it)
[5.190s] Copying build/parkingbot/parkingbot.egg-info to /home/device07/parkingbot/install/parkingbot/lib/python3.8/site-packages/parkingbot-0.0.1-py3.8.egg-info
[5.200s] running install_scripts
[5.278s] Installing parkingbot_node script to /home/device07/parkingbot/install/parkingbot/lib/parkingbot
[5.280s] writing list of installed files to '/home/device07/parkingbot/build/parkingbot/install.log'
[5.383s] Invoked command in '/home/device07/parkingbot' returned '0': PYTHONPATH=/home/device07/parkingbot/build/parkingbot/prefix_override:/usr/lib/python3/dist-packages/colcon_core/task/python/colcon_distutils_commands:/home/device07/parkingbot/install/parkingbot/lib/python3.8/site-packages:${PYTHONPATH} /usr/bin/python3 -W ignore:setup.py install is deprecated -W ignore:easy_install command is deprecated setup.py egg_info --egg-base build/parkingbot build --build-base /home/device07/parkingbot/build/parkingbot/build install --record /home/device07/parkingbot/build/parkingbot/install.log --single-version-externally-managed install_data
