[0.000000] (-) TimerEvent: {}
[0.001270] (parkingbot) JobQueued: {'identifier': 'parkingbot', 'dependencies': OrderedDict()}
[0.002392] (parkingbot) JobStarted: {'identifier': 'parkingbot'}
[0.099479] (-) TimerEvent: {}
[0.201772] (-) TimerEvent: {}
[0.302779] (-) TimerEvent: {}
[0.403757] (-) TimerEvent: {}
[0.504726] (-) TimerEvent: {}
[0.605767] (-) TimerEvent: {}
[0.706692] (-) TimerEvent: {}
[0.807778] (-) TimerEvent: {}
[0.908834] (-) TimerEvent: {}
[1.009906] (-) TimerEvent: {}
[1.111541] (-) TimerEvent: {}
[1.214540] (-) TimerEvent: {}
[1.316404] (-) TimerEvent: {}
[1.417481] (-) TimerEvent: {}
[1.518382] (-) TimerEvent: {}
[1.619370] (-) TimerEvent: {}
[1.720283] (-) TimerEvent: {}
[1.821331] (-) TimerEvent: {}
[1.922278] (-) TimerEvent: {}
[2.023293] (-) TimerEvent: {}
[2.124192] (-) TimerEvent: {}
[2.225253] (-) TimerEvent: {}
[2.326174] (-) TimerEvent: {}
[2.427099] (-) TimerEvent: {}
[2.528116] (-) TimerEvent: {}
[2.629059] (-) TimerEvent: {}
[2.730071] (-) TimerEvent: {}
[2.831010] (-) TimerEvent: {}
[2.931984] (-) TimerEvent: {}
[3.032968] (-) TimerEvent: {}
[3.133942] (-) TimerEvent: {}
[3.234899] (-) TimerEvent: {}
[3.335906] (-) TimerEvent: {}
[3.436819] (-) TimerEvent: {}
[3.537849] (-) TimerEvent: {}
[3.638803] (-) TimerEvent: {}
[3.739882] (-) TimerEvent: {}
[3.841336] (-) TimerEvent: {}
[3.942650] (-) TimerEvent: {}
[3.999125] (parkingbot) Command: {'cmd': ['/usr/bin/python3', '-W', 'ignore:setup.py install is deprecated', '-W', 'ignore:easy_install command is deprecated', 'setup.py', 'egg_info', '--egg-base', 'build/parkingbot', 'build', '--build-base', '/home/device07/parkingbot/build/parkingbot/build', 'install', '--record', '/home/device07/parkingbot/build/parkingbot/install.log', '--single-version-externally-managed', 'install_data'], 'cwd': '/home/device07/parkingbot', 'env': {'PYTHON_BASIC_REPL': '1', 'CONDA_PROMPT_MODIFIER': '(jetson07)', 'USER': 'device07', 'SSH_CLIENT': '192.168.1.76 54567 22', '__OLD_PYTHONPATH': '/opt/ros/foxy/lib/python3.8/site-packages:', 'XDG_SESSION_TYPE': 'tty', 'GIT_ASKPASS': '/home/device07/.vscode-server/cli/servers/Stable-bf9252a2fb45be6893dd8870c0bf37e2e1766d61/server/extensions/git/dist/askpass.sh', 'OPENBLAS_NUM_THREADS': '1', 'SHLVL': '2', 'LD_LIBRARY_PATH': '/home/device07/miniforge3/envs/jetson07/lib:/usr/local/cuda/lib64:/usr/lib/aarch64-linux-gnu:/usr/lib/aarch64-linux-gnu/tegra:/home/device07/miniforge3/envs/jetson07/lib:/opt/ros/foxy/opt/yaml_cpp_vendor/lib:/opt/ros/foxy/opt/rviz_ogre_vendor/lib:/opt/ros/foxy/lib/aarch64-linux-gnu:/opt/ros/foxy/lib:', 'BROWSER': '/home/device07/.vscode-server/cli/servers/Stable-bf9252a2fb45be6893dd8870c0bf37e2e1766d61/server/bin/helpers/browser.sh', 'MOTD_SHOWN': 'pam', 'HOME': '/home/device07', 'CONDA_SHLVL': '1', 'OLDPWD': '/home/device07/parkingbot', 'TERM_PROGRAM_VERSION': '1.106.3', 'VSCODE_IPC_HOOK_CLI': '/run/user/1000/vscode-ipc-41cdb8cc-8431-4041-b968-cbfcf1be667c.sock', 'JETSON_L4T': '35.6.1', 'ROS_PYTHON_VERSION': '3', 'JETSON_MODEL': 'NVIDIA Jetson Xavier NX Developer Kit', 'VSCODE_GIT_ASKPASS_MAIN': '/home/device07/.vscode-server/cli/servers/Stable-bf9252a2fb45be6893dd8870c0bf37e2e1766d61/server/extensions/git/dist/askpass-main.js', 'VSCODE_GIT_ASKPASS_NODE': '/home/device07/.vscode-server/cli/servers/Stable-bf9252a2fb45be6893dd8870c0bf37e2e1766d61/server/node', 'SSL_CERT_FILE': '/usr/lib/ssl/certs/ca-certificates.crt', 'PYDEVD_DISABLE_FILE_VALIDATION': '1', 'BUNDLED_DEBUGPY_PATH': '/home/device07/.vscode-server/extensions/ms-python.debugpy-2025.16.0-linux-arm64/bundled/libs/debugpy', 'VSCODE_PYTHON_AUTOACTIVATE_GUARD': '1', 'DBUS_SESSION_BUS_ADDRESS': 'unix:path=/run/user/1000/bus', 'COLORTERM': 'truecolor', '_CE_M': '', 'PYTHONNOUSERSITE': '1', '_CONDA_ROOT': '/home/device07/miniforge3', '__OLD_CUDA_HOME': '', 'TORCH_CUDA_ARCH_LIST': '7.2', 'COLCON_PREFIX_PATH': '/home/device07/parkingbot/install', 'ROS_DISTRO': 'foxy', 'LOGNAME': 'device07', '__OLD_OpenCV_DIR': '', 'JETSON_MODULE': 'NVIDIA Jetson Xavier NX', 'JETSON_SERIAL_NUMBER': '1421922008799', '_': '/usr/bin/colcon', 'ROS_VERSION': '2', 'PKG_CONFIG_PATH': '/usr/local/lib/pkgconfig:', 'JETSON_CODENAME': 'Jakku', 'XDG_SESSION_CLASS': 'user', 'TERM': 'xterm-256color', 'XDG_SESSION_ID': '2', '__OLD_CUDA_PATH': '', '__OLD_PYTHONNOUSERSITE': '', '__OLD_CMAKE_PREFIX_PATH': '', '_CE_CONDA': '', 'ROS_LOCALHOST_ONLY': '0', '_OLD_LD_LIBRARY_PATH': '/usr/local/cuda/lib64:/usr/lib/aarch64-linux-gnu:/usr/lib/aarch64-linux-gnu/tegra:/home/device07/miniforge3/envs/jetson07/lib:/opt/ros/foxy/opt/yaml_cpp_vendor/lib:/opt/ros/foxy/opt/rviz_ogre_vendor/lib:/opt/ros/foxy/lib/aarch64-linux-gnu:/opt/ros/foxy/lib:', 'PATH': '/home/device07/parkingbot/install/parkingbot/bin:/opt/ros/foxy/bin:/usr/local/cuda/bin:/home/device07/miniforge3/envs/jetson07/bin:/usr/local/sbin:/usr/local/bin:/usr/sbin:/usr/bin:/sbin:/bin', 'XDG_RUNTIME_DIR': '/run/user/1000', 'SSL_CERT_DIR': '/usr/lib/ssl/certs', 'VSCODE_DEBUGPY_ADAPTER_ENDPOINTS': '/home/device07/.vscode-server/extensions/ms-python.debugpy-2025.16.0-linux-arm64/.noConfigDebugAdapterEndpoints/endpoint-d8d2ec536c130f68.txt', '__OLD_PKG_CONFIG_PATH': '', 'LD_PRELOAD': '/usr/lib/aarch64-linux-gnu/libgomp.so.1', 'LANG': 'en_US.UTF-8', 'PYTHONSTARTUP': '/home/device07/.vscode-server/data/User/workspaceStorage/fb74060fdb8f680677b277512baf3b6f/ms-python.python/pythonrc.py', 'JETSON_SOC': 'tegra194', 'VSCODE_GIT_IPC_HANDLE': '/run/user/1000/vscode-git-fb495dbe2d.sock', 'TERM_PROGRAM': 'vscode', 'AMENT_PREFIX_PATH': '/home/device07/parkingbot/install/parkingbot:/opt/ros/foxy', 'CONDA_PYTHON_EXE': '/home/device07/miniforge3/bin/python', 'SHELL': '/bin/bash', '__OLD_OPENBLAS_NUM_THREADS': '', '__OLD_PATH': '/home/device07/parkingbot/install/parkingbot/bin:/opt/ros/foxy/bin:/usr/local/cuda/bin:/home/device07/miniforge3/envs/jetson07/bin:/usr/local/sbin:/usr/local/bin:/usr/sbin:/usr/bin:/sbin:/bin', 'CONDA_DEFAULT_ENV': 'jetson07', 'OpenCV_DIR': '/usr/local/lib/cmake/opencv4', '_CONDA_EXE': '/home/device07/miniforge3/bin/conda', 'VSCODE_GIT_ASKPASS_EXTRA_ARGS': '', 'JETSON_CUDA_ARCH_BIN': '7.2', 'PWD': '/home/device07/parkingbot/build/parkingbot', 'CUDA_HOME': '/usr/local/cuda', 'CONDA_EXE': '/home/device07/miniforge3/bin/conda', 'SSH_CONNECTION': '192.168.1.76 54567 192.168.1.207 22', 'XDG_DATA_DIRS': '/usr/local/share:/usr/share:/var/lib/snapd/desktop', 'PYTHONPATH': '/home/device07/parkingbot/build/parkingbot/prefix_override:/usr/lib/python3/dist-packages/colcon_core/task/python/colcon_distutils_commands:/home/device07/parkingbot/install/parkingbot/lib/python3.8/site-packages:/home/device07/parkingbot/install/parkingbot/lib/python3.8/site-packages:/home/device07/miniforge3/envs/jetson07/lib/python3.8/site-packages:/opt/ros/foxy/lib/python3.8/site-packages', 'CONDA_PREFIX': '/home/device07/miniforge3/envs/jetson07', 'COLCON': '1', 'CUDA_PATH': '/usr/local/cuda', '__OLD_LD_LIBRARY_PATH': '/opt/ros/foxy/opt/yaml_cpp_vendor/lib:/opt/ros/foxy/opt/rviz_ogre_vendor/lib:/opt/ros/foxy/lib/aarch64-linux-gnu:/opt/ros/foxy/lib:', 'JETSON_JETPACK': '5.1.5', 'CMAKE_PREFIX_PATH': '/usr/local:', 'JETSON_P_NUMBER': 'p3668-0001'}, 'shell': False}
[4.043068] (-) TimerEvent: {}
[4.144472] (-) TimerEvent: {}
[4.245508] (-) TimerEvent: {}
[4.346451] (-) TimerEvent: {}
[4.447542] (-) TimerEvent: {}
[4.548428] (-) TimerEvent: {}
[4.649563] (-) TimerEvent: {}
[4.750864] (-) TimerEvent: {}
[4.766905] (parkingbot) StderrLine: {'line': b"/home/device07/miniforge3/envs/jetson07/lib/python3.8/site-packages/setuptools/_distutils/dist.py:261: UserWarning: Unknown distribution option: 'tests_require'\n"}
[4.769696] (parkingbot) StderrLine: {'line': b'  warnings.warn(msg)\n'}
[4.851092] (-) TimerEvent: {}
[4.952366] (-) TimerEvent: {}
[5.053698] (-) TimerEvent: {}
[5.155027] (-) TimerEvent: {}
[5.256239] (-) TimerEvent: {}
[5.285948] (parkingbot) StdoutLine: {'line': b'running egg_info\n'}
[5.356472] (-) TimerEvent: {}
[5.370210] (parkingbot) StdoutLine: {'line': b'writing build/parkingbot/parkingbot.egg-info/PKG-INFO\n'}
[5.372799] (parkingbot) StdoutLine: {'line': b'writing dependency_links to build/parkingbot/parkingbot.egg-info/dependency_links.txt\n'}
[5.373827] (parkingbot) StdoutLine: {'line': b'writing entry points to build/parkingbot/parkingbot.egg-info/entry_points.txt\n'}
[5.375384] (parkingbot) StdoutLine: {'line': b'writing requirements to build/parkingbot/parkingbot.egg-info/requires.txt\n'}
[5.376373] (parkingbot) StdoutLine: {'line': b'writing top-level names to build/parkingbot/parkingbot.egg-info/top_level.txt\n'}
[5.456691] (-) TimerEvent: {}
[5.557784] (-) TimerEvent: {}
[5.658880] (-) TimerEvent: {}
[5.759916] (-) TimerEvent: {}
[5.861083] (-) TimerEvent: {}
[5.962407] (-) TimerEvent: {}
[6.011418] (parkingbot) StdoutLine: {'line': b"reading manifest file 'build/parkingbot/parkingbot.egg-info/SOURCES.txt'\n"}
[6.018243] (parkingbot) StdoutLine: {'line': b"writing manifest file 'build/parkingbot/parkingbot.egg-info/SOURCES.txt'\n"}
[6.019119] (parkingbot) StdoutLine: {'line': b'running build\n'}
[6.019872] (parkingbot) StdoutLine: {'line': b'running build_py\n'}
[6.020630] (parkingbot) StdoutLine: {'line': b'copying parkingbot/depth_helper.py -> /home/device07/parkingbot/build/parkingbot/build/lib/parkingbot\n'}
[6.021606] (parkingbot) StdoutLine: {'line': b'copying parkingbot/vision_node.py -> /home/device07/parkingbot/build/parkingbot/build/lib/parkingbot\n'}
[6.022705] (parkingbot) StdoutLine: {'line': b'copying parkingbot/gesture_logic.py -> /home/device07/parkingbot/build/parkingbot/build/lib/parkingbot\n'}
[6.023780] (parkingbot) StdoutLine: {'line': b'copying parkingbot/__init__.py -> /home/device07/parkingbot/build/parkingbot/build/lib/parkingbot\n'}
[6.024739] (parkingbot) StdoutLine: {'line': b'copying parkingbot/pose_wrapper.py -> /home/device07/parkingbot/build/parkingbot/build/lib/parkingbot\n'}
[6.026991] (parkingbot) StdoutLine: {'line': b'running install\n'}
[6.052737] (parkingbot) StdoutLine: {'line': b'running install_lib\n'}
[6.062544] (-) TimerEvent: {}
[6.136231] (parkingbot) StdoutLine: {'line': b'copying /home/device07/parkingbot/build/parkingbot/build/lib/parkingbot/gesture_logic.py -> /home/device07/parkingbot/install/parkingbot/lib/python3.8/site-packages/parkingbot\n'}
[6.139700] (parkingbot) StdoutLine: {'line': b'byte-compiling /home/device07/parkingbot/install/parkingbot/lib/python3.8/site-packages/parkingbot/gesture_logic.py to gesture_logic.cpython-38.pyc\n'}
[6.143540] (parkingbot) StdoutLine: {'line': b'running install_data\n'}
[6.144498] (parkingbot) StdoutLine: {'line': b'copying resource/parkingbot -> /home/device07/parkingbot/install/parkingbot/share/ament_index/resource_index/packages\n'}
[6.145787] (parkingbot) StdoutLine: {'line': b'copying package.xml -> /home/device07/parkingbot/install/parkingbot/share/parkingbot\n'}
[6.147192] (parkingbot) StdoutLine: {'line': b'copying launch/parkingbot.launch.py -> /home/device07/parkingbot/install/parkingbot/share/parkingbot/launch\n'}
[6.148291] (parkingbot) StdoutLine: {'line': b'running install_egg_info\n'}
[6.162760] (-) TimerEvent: {}
[6.234875] (parkingbot) StdoutLine: {'line': b"removing '/home/device07/parkingbot/install/parkingbot/lib/python3.8/site-packages/parkingbot-0.0.1-py3.8.egg-info' (and everything under it)\n"}
[6.238358] (parkingbot) StdoutLine: {'line': b'Copying build/parkingbot/parkingbot.egg-info to /home/device07/parkingbot/install/parkingbot/lib/python3.8/site-packages/parkingbot-0.0.1-py3.8.egg-info\n'}
[6.244463] (parkingbot) StdoutLine: {'line': b'running install_scripts\n'}
[6.263036] (-) TimerEvent: {}
[6.364072] (-) TimerEvent: {}
[6.451174] (parkingbot) StdoutLine: {'line': b'Installing parkingbot_node script to /home/device07/parkingbot/install/parkingbot/lib/parkingbot\n'}
[6.453759] (parkingbot) StdoutLine: {'line': b"writing list of installed files to '/home/device07/parkingbot/build/parkingbot/install.log'\n"}
[6.464299] (-) TimerEvent: {}
[6.556373] (parkingbot) CommandEnded: {'returncode': 0}
[6.564512] (-) TimerEvent: {}
[6.643261] (parkingbot) JobEnded: {'identifier': 'parkingbot', 'rc': 0}
[6.648045] (-) EventReactorShutdown: {}
