[3.298s] Invoking command in '/home/device07/parkingbot': CONDA_PROMPT_MODIFIER=(jetson07) PYTHONPATH=/home/device07/parkingbot/build/parkingbot/prefix_override:/usr/lib/python3/dist-packages/colcon_core/task/python/colcon_distutils_commands:/home/device07/parkingbot/install/parkingbot/lib/python3.8/site-packages:${PYTHONPATH} /usr/bin/python3 -W ignore:setup.py install is deprecated -W ignore:easy_install command is deprecated setup.py egg_info --egg-base build/parkingbot build --build-base /home/device07/parkingbot/build/parkingbot/build install --record /home/device07/parkingbot/build/parkingbot/install.log --single-version-externally-managed install_data
[4.411s] running egg_info
[4.413s] writing build/parkingbot/parkingbot.egg-info/PKG-INFO
[4.414s] writing dependency_links to build/parkingbot/parkingbot.egg-info/dependency_links.txt
[4.415s] writing entry points to build/parkingbot/parkingbot.egg-info/entry_points.txt
[4.416s] writing requirements to build/parkingbot/parkingbot.egg-info/requires.txt
[4.416s] writing top-level names to build/parkingbot/parkingbot.egg-info/top_level.txt
[4.588s] reading manifest file 'build/parkingbot/parkingbot.egg-info/SOURCES.txt'
[4.592s] writing manifest file 'build/parkingbot/parkingbot.egg-info/SOURCES.txt'
[4.593s] running build
[4.594s] running build_py
[4.596s] running install
[4.599s] running install_lib
[4.607s] running install_data
[4.608s] running install_egg_info
[4.617s] removing '/home/device07/parkingbot/install/parkingbot/lib/python3.8/site-packages/parkingbot-0.0.1-py3.8.egg-info' (and everything under it)
[4.619s] Copying build/parkingbot/parkingbot.egg-info to /home/device07/parkingbot/install/parkingbot/lib/python3.8/site-packages/parkingbot-0.0.1-py3.8.egg-info
[4.625s] running install_scripts
[4.705s] Installing parkingbot_node script to /home/device07/parkingbot/install/parkingbot/lib/parkingbot
[4.708s] writing list of installed files to '/home/device07/parkingbot/build/parkingbot/install.log'
[4.805s] Invoked command in '/home/device07/parkingbot' returned '0': CONDA_PROMPT_MODIFIER=(jetson07) PYTHONPATH=/home/device07/parkingbot/build/parkingbot/prefix_override:/usr/lib/python3/dist-packages/colcon_core/task/python/colcon_distutils_commands:/home/device07/parkingbot/install/parkingbot/lib/python3.8/site-packages:${PYTHONPATH} /usr/bin/python3 -W ignore:setup.py install is deprecated -W ignore:easy_install command is deprecated setup.py egg_info --egg-base build/parkingbot build --build-base /home/device07/parkingbot/build/parkingbot/build install --record /home/device07/parkingbot/build/parkingbot/install.log --single-version-externally-managed install_data
