[3.689s] Invoking command in '/home/device07/parkingbot': PYTHONPATH=/home/device07/parkingbot/build/parkingbot/prefix_override:/usr/lib/python3/dist-packages/colcon_core/task/python/colcon_distutils_commands:/home/device07/parkingbot/install/parkingbot/lib/python3.8/site-packages:${PYTHONPATH} /usr/bin/python3 -W ignore:setup.py install is deprecated -W ignore:easy_install command is deprecated setup.py egg_info --egg-base build/parkingbot build --build-base /home/device07/parkingbot/build/parkingbot/build install --record /home/device07/parkingbot/build/parkingbot/install.log --single-version-externally-managed install_data
[4.894s] running egg_info
[4.896s] writing build/parkingbot/parkingbot.egg-info/PKG-INFO
[4.898s] writing dependency_links to build/parkingbot/parkingbot.egg-info/dependency_links.txt
[4.899s] writing entry points to build/parkingbot/parkingbot.egg-info/entry_points.txt
[4.899s] writing requirements to build/parkingbot/parkingbot.egg-info/requires.txt
[4.900s] writing top-level names to build/parkingbot/parkingbot.egg-info/top_level.txt
[5.067s] reading manifest file 'build/parkingbot/parkingbot.egg-info/SOURCES.txt'
[5.072s] writing manifest file 'build/parkingbot/parkingbot.egg-info/SOURCES.txt'
[5.072s] running build
[5.073s] running build_py
[5.074s] copying parkingbot/vision_node.py -> /home/device07/parkingbot/build/parkingbot/build/lib/parkingbot
[5.075s] copying parkingbot/gesture_logic.py -> /home/device07/parkingbot/build/parkingbot/build/lib/parkingbot
[5.076s] running install
[5.080s] running install_lib
[5.085s] copying /home/device07/parkingbot/build/parkingbot/build/lib/parkingbot/vision_node.py -> /home/device07/parkingbot/install/parkingbot/lib/python3.8/site-packages/parkingbot
[5.086s] copying /home/device07/parkingbot/build/parkingbot/build/lib/parkingbot/gesture_logic.py -> /home/device07/parkingbot/install/parkingbot/lib/python3.8/site-packages/parkingbot
[5.089s] byte-compiling /home/device07/parkingbot/install/parkingbot/lib/python3.8/site-packages/parkingbot/vision_node.py to vision_node.cpython-38.pyc
[5.102s] byte-compiling /home/device07/parkingbot/install/parkingbot/lib/python3.8/site-packages/parkingbot/gesture_logic.py to gesture_logic.cpython-38.pyc
[5.108s] running install_data
[5.109s] running install_egg_info
[5.116s] removing '/home/device07/parkingbot/install/parkingbot/lib/python3.8/site-packages/parkingbot-0.0.1-py3.8.egg-info' (and everything under it)
[5.119s] Copying build/parkingbot/parkingbot.egg-info to /home/device07/parkingbot/install/parkingbot/lib/python3.8/site-packages/parkingbot-0.0.1-py3.8.egg-info
[5.125s] running install_scripts
[5.202s] Installing parkingbot_node script to /home/device07/parkingbot/install/parkingbot/lib/parkingbot
[5.204s] writing list of installed files to '/home/device07/parkingbot/build/parkingbot/install.log'
[5.297s] Invoked command in '/home/device07/parkingbot' returned '0': PYTHONPATH=/home/device07/parkingbot/build/parkingbot/prefix_override:/usr/lib/python3/dist-packages/colcon_core/task/python/colcon_distutils_commands:/home/device07/parkingbot/install/parkingbot/lib/python3.8/site-packages:${PYTHONPATH} /usr/bin/python3 -W ignore:setup.py install is deprecated -W ignore:easy_install command is deprecated setup.py egg_info --egg-base build/parkingbot build --build-base /home/device07/parkingbot/build/parkingbot/build install --record /home/device07/parkingbot/build/parkingbot/install.log --single-version-externally-managed install_data
