[4.037s] Invoking command in '/home/device07/parkingbot': CONDA_PROMPT_MODIFIER=(jetson07) PYTHONPATH=/home/device07/parkingbot/build/parkingbot/prefix_override:/usr/lib/python3/dist-packages/colcon_core/task/python/colcon_distutils_commands:/home/device07/parkingbot/install/parkingbot/lib/python3.8/site-packages:${PYTHONPATH} /usr/bin/python3 -W ignore:setup.py install is deprecated -W ignore:easy_install command is deprecated setup.py egg_info --egg-base build/parkingbot build --build-base /home/device07/parkingbot/build/parkingbot/build install --record /home/device07/parkingbot/build/parkingbot/install.log --single-version-externally-managed install_data
[4.793s] /home/device07/miniforge3/envs/jetson07/lib/python3.8/site-packages/setuptools/_distutils/dist.py:261: UserWarning: Unknown distribution option: 'tests_require'
[4.794s]   warnings.warn(msg)
[5.319s] running egg_info
[5.402s] writing build/parkingbot/parkingbot.egg-info/PKG-INFO
[5.405s] writing dependency_links to build/parkingbot/parkingbot.egg-info/dependency_links.txt
[5.407s] writing entry points to build/parkingbot/parkingbot.egg-info/entry_points.txt
[5.408s] writing requirements to build/parkingbot/parkingbot.egg-info/requires.txt
[5.409s] writing top-level names to build/parkingbot/parkingbot.egg-info/top_level.txt
[6.025s] reading manifest file 'build/parkingbot/parkingbot.egg-info/SOURCES.txt'
[6.032s] writing manifest file 'build/parkingbot/parkingbot.egg-info/SOURCES.txt'
[6.033s] running build
[6.033s] running build_py
[6.034s] copying parkingbot/depth_helper.py -> /home/device07/parkingbot/build/parkingbot/build/lib/parkingbot
[6.035s] copying parkingbot/vision_node.py -> /home/device07/parkingbot/build/parkingbot/build/lib/parkingbot
[6.036s] copying parkingbot/gesture_logic.py -> /home/device07/parkingbot/build/parkingbot/build/lib/parkingbot
[6.037s] copying parkingbot/__init__.py -> /home/device07/parkingbot/build/parkingbot/build/lib/parkingbot
[6.038s] copying parkingbot/pose_wrapper.py -> /home/device07/parkingbot/build/parkingbot/build/lib/parkingbot
[6.041s] running install
[6.066s] running install_lib
[6.151s] copying /home/device07/parkingbot/build/parkingbot/build/lib/parkingbot/gesture_logic.py -> /home/device07/parkingbot/install/parkingbot/lib/python3.8/site-packages/parkingbot
[6.154s] byte-compiling /home/device07/parkingbot/install/parkingbot/lib/python3.8/site-packages/parkingbot/gesture_logic.py to gesture_logic.cpython-38.pyc
[6.164s] running install_data
[6.164s] copying resource/parkingbot -> /home/device07/parkingbot/install/parkingbot/share/ament_index/resource_index/packages
[6.166s] copying package.xml -> /home/device07/parkingbot/install/parkingbot/share/parkingbot
[6.167s] copying launch/parkingbot.launch.py -> /home/device07/parkingbot/install/parkingbot/share/parkingbot/launch
[6.168s] running install_egg_info
[6.256s] removing '/home/device07/parkingbot/install/parkingbot/lib/python3.8/site-packages/parkingbot-0.0.1-py3.8.egg-info' (and everything under it)
[6.258s] Copying build/parkingbot/parkingbot.egg-info to /home/device07/parkingbot/install/parkingbot/lib/python3.8/site-packages/parkingbot-0.0.1-py3.8.egg-info
[6.264s] running install_scripts
[6.472s] Installing parkingbot_node script to /home/device07/parkingbot/install/parkingbot/lib/parkingbot
[6.475s] writing list of installed files to '/home/device07/parkingbot/build/parkingbot/install.log'
[6.593s] Invoked command in '/home/device07/parkingbot' returned '0': CONDA_PROMPT_MODIFIER=(jetson07) PYTHONPATH=/home/device07/parkingbot/build/parkingbot/prefix_override:/usr/lib/python3/dist-packages/colcon_core/task/python/colcon_distutils_commands:/home/device07/parkingbot/install/parkingbot/lib/python3.8/site-packages:${PYTHONPATH} /usr/bin/python3 -W ignore:setup.py install is deprecated -W ignore:easy_install command is deprecated setup.py egg_info --egg-base build/parkingbot build --build-base /home/device07/parkingbot/build/parkingbot/build install --record /home/device07/parkingbot/build/parkingbot/install.log --single-version-externally-managed install_data
