/home/device07/parkingbot/install/parkingbot/lib/python3.8/site-packages/parkingbot/depth_helper.py
/home/device07/parkingbot/install/parkingbot/lib/python3.8/site-packages/parkingbot/vision_node.py
/home/device07/parkingbot/install/parkingbot/lib/python3.8/site-packages/parkingbot/gesture_logic.py
/home/device07/parkingbot/install/parkingbot/lib/python3.8/site-packages/parkingbot/__init__.py
/home/device07/parkingbot/install/parkingbot/lib/python3.8/site-packages/parkingbot/pose_wrapper.py
/home/device07/parkingbot/install/parkingbot/lib/python3.8/site-packages/parkingbot/__pycache__/depth_helper.cpython-38.pyc
/home/device07/parkingbot/install/parkingbot/lib/python3.8/site-packages/parkingbot/__pycache__/vision_node.cpython-38.pyc
/home/device07/parkingbot/install/parkingbot/lib/python3.8/site-packages/parkingbot/__pycache__/gesture_logic.cpython-38.pyc
/home/device07/parkingbot/install/parkingbot/lib/python3.8/site-packages/parkingbot/__pycache__/__init__.cpython-38.pyc
/home/device07/parkingbot/install/parkingbot/lib/python3.8/site-packages/parkingbot/__pycache__/pose_wrapper.cpython-38.pyc
/home/device07/parkingbot/install/parkingbot/share/ament_index/resource_index/packages/parkingbot
/home/device07/parkingbot/install/parkingbot/share/parkingbot/package.xml
/home/device07/parkingbot/install/parkingbot/share/parkingbot/launch/parkingbot.launch.py
/home/device07/parkingbot/install/parkingbot/lib/python3.8/site-packages/parkingbot-0.0.1-py3.8.egg-info/SOURCES.txt
/home/device07/parkingbot/install/parkingbot/lib/python3.8/site-packages/parkingbot-0.0.1-py3.8.egg-info/top_level.txt
/home/device07/parkingbot/install/parkingbot/lib/python3.8/site-packages/parkingbot-0.0.1-py3.8.egg-info/PKG-INFO
/home/device07/parkingbot/install/parkingbot/lib/python3.8/site-packages/parkingbot-0.0.1-py3.8.egg-info/requires.txt
/home/device07/parkingbot/install/parkingbot/lib/python3.8/site-packages/parkingbot-0.0.1-py3.8.egg-info/zip-safe
/home/device07/parkingbot/install/parkingbot/lib/python3.8/site-packages/parkingbot-0.0.1-py3.8.egg-info/entry_points.txt
/home/device07/parkingbot/install/parkingbot/lib/python3.8/site-packages/parkingbot-0.0.1-py3.8.egg-info/dependency_links.txt
/home/device07/parkingbot/install/parkingbot/lib/parkingbot/parkingbot_node
