[0.932s] DEBUG:colcon:Command line arguments: ['/usr/bin/colcon', 'build']
[0.933s] DEBUG:colcon:Parsed command line arguments: Namespace(allow_overriding=[], ament_cmake_args=None, base_paths=['.'], build_base='build', catkin_cmake_args=None, catkin_skip_building_tests=False, cmake_args=None, cmake_clean_cache=False, cmake_clean_first=False, cmake_force_configure=False, cmake_target=None, cmake_target_skip_unavailable=False, continue_on_error=False, event_handlers=None, executor='parallel', ignore_user_meta=False, install_base='install', log_base=None, log_level=None, main=<bound method BuildVerb.main of <colcon_core.verb.build.BuildVerb object at 0xffffb7eae610>>, merge_install=False, metas=['./colcon.meta'], packages_above=None, packages_above_and_dependencies=None, packages_above_depth=None, packages_end=None, packages_ignore=None, packages_ignore_regex=None, packages_select=None, packages_select_build_failed=False, packages_select_by_dep=None, packages_select_regex=None, packages_select_test_failures=False, packages_skip=None, packages_skip_build_finished=False, packages_skip_by_dep=None, packages_skip_regex=None, packages_skip_test_passed=False, packages_skip_up_to=None, packages_start=None, packages_up_to=None, packages_up_to_regex=None, parallel_workers=6, paths=None, symlink_install=False, test_result_base=None, verb_extension=<colcon_core.verb.build.BuildVerb object at 0xffffb7eae610>, verb_name='build', verb_parser=<colcon_defaults.argument_parser.defaults.DefaultArgumentsDecorator object at 0xffffb7dc09a0>)
[1.705s] Level 1:colcon.colcon_core.package_discovery:discover_packages(colcon_meta) check parameters
[1.705s] Level 1:colcon.colcon_core.package_discovery:discover_packages(recursive) check parameters
[1.706s] Level 1:colcon.colcon_core.package_discovery:discover_packages(ignore) check parameters
[1.706s] Level 1:colcon.colcon_core.package_discovery:discover_packages(path) check parameters
[1.706s] Level 1:colcon.colcon_core.package_discovery:discover_packages(colcon_meta) discover
[1.706s] Level 1:colcon.colcon_core.package_discovery:discover_packages(recursive) discover
[1.707s] INFO:colcon.colcon_core.package_discovery:Crawling recursively for packages in '/home/device07/parkingbot'
[1.707s] Level 1:colcon.colcon_core.package_identification:_identify(.) by extensions ['ignore', 'ignore_ament_install']
[1.708s] Level 1:colcon.colcon_core.package_identification:_identify(.) by extension 'ignore'
[1.709s] Level 1:colcon.colcon_core.package_identification:_identify(.) by extension 'ignore_ament_install'
[1.709s] Level 1:colcon.colcon_core.package_identification:_identify(.) by extensions ['colcon_pkg']
[1.709s] Level 1:colcon.colcon_core.package_identification:_identify(.) by extension 'colcon_pkg'
[1.709s] Level 1:colcon.colcon_core.package_identification:_identify(.) by extensions ['colcon_meta']
[1.710s] Level 1:colcon.colcon_core.package_identification:_identify(.) by extension 'colcon_meta'
[1.710s] Level 1:colcon.colcon_core.package_identification:_identify(.) by extensions ['ros']
[1.710s] Level 1:colcon.colcon_core.package_identification:_identify(.) by extension 'ros'
[1.779s] DEBUG:colcon.colcon_core.package_identification:Package '.' with type 'ros.ament_python' and name 'parkingbot'
[1.779s] Level 1:colcon.colcon_core.package_discovery:discover_packages(recursive) using defaults
[1.780s] Level 1:colcon.colcon_core.package_discovery:discover_packages(ignore) discover
[1.780s] Level 1:colcon.colcon_core.package_discovery:discover_packages(ignore) using defaults
[1.780s] Level 1:colcon.colcon_core.package_discovery:discover_packages(path) discover
[1.780s] Level 1:colcon.colcon_core.package_discovery:discover_packages(path) using defaults
[1.849s] Level 1:colcon.colcon_core.package_discovery:discover_packages(prefix_path) check parameters
[1.849s] Level 1:colcon.colcon_core.package_discovery:discover_packages(prefix_path) discover
[1.864s] DEBUG:colcon.colcon_installed_package_information.package_discovery:Found 302 installed packages in /opt/ros/foxy
[1.876s] Level 1:colcon.colcon_core.package_discovery:discover_packages(prefix_path) using defaults
[2.232s] Level 5:colcon.colcon_core.verb:set package 'parkingbot' build argument 'cmake_args' from command line to 'None'
[2.232s] Level 5:colcon.colcon_core.verb:set package 'parkingbot' build argument 'cmake_target' from command line to 'None'
[2.232s] Level 5:colcon.colcon_core.verb:set package 'parkingbot' build argument 'cmake_target_skip_unavailable' from command line to 'False'
[2.232s] Level 5:colcon.colcon_core.verb:set package 'parkingbot' build argument 'cmake_clean_cache' from command line to 'False'
[2.233s] Level 5:colcon.colcon_core.verb:set package 'parkingbot' build argument 'cmake_clean_first' from command line to 'False'
[2.233s] Level 5:colcon.colcon_core.verb:set package 'parkingbot' build argument 'cmake_force_configure' from command line to 'False'
[2.233s] Level 5:colcon.colcon_core.verb:set package 'parkingbot' build argument 'ament_cmake_args' from command line to 'None'
[2.233s] Level 5:colcon.colcon_core.verb:set package 'parkingbot' build argument 'catkin_cmake_args' from command line to 'None'
[2.233s] Level 5:colcon.colcon_core.verb:set package 'parkingbot' build argument 'catkin_skip_building_tests' from command line to 'False'
[2.234s] DEBUG:colcon.colcon_core.verb:Building package 'parkingbot' with the following arguments: {'ament_cmake_args': None, 'build_base': '/home/device07/parkingbot/build/parkingbot', 'catkin_cmake_args': None, 'catkin_skip_building_tests': False, 'cmake_args': None, 'cmake_clean_cache': False, 'cmake_clean_first': False, 'cmake_force_configure': False, 'cmake_target': None, 'cmake_target_skip_unavailable': False, 'install_base': '/home/device07/parkingbot/install/parkingbot', 'merge_install': False, 'path': '/home/device07/parkingbot', 'symlink_install': False, 'test_result_base': None}
[2.234s] INFO:colcon.colcon_core.executor:Executing jobs using 'parallel' executor
[2.239s] DEBUG:colcon.colcon_parallel_executor.executor.parallel:run_until_complete
[2.240s] INFO:colcon.colcon_ros.task.ament_python.build:Building ROS package in '/home/device07/parkingbot' with build type 'ament_python'
[2.241s] Level 1:colcon.colcon_core.shell:create_environment_hook('parkingbot', 'ament_prefix_path')
[2.253s] INFO:colcon.colcon_core.plugin_system:Skipping extension 'colcon_core.shell.bat': Not used on non-Windows systems
[2.254s] INFO:colcon.colcon_core.shell:Creating environment hook '/home/device07/parkingbot/install/parkingbot/share/parkingbot/hook/ament_prefix_path.ps1'
[2.257s] INFO:colcon.colcon_core.shell:Creating environment descriptor '/home/device07/parkingbot/install/parkingbot/share/parkingbot/hook/ament_prefix_path.dsv'
[2.260s] INFO:colcon.colcon_core.shell:Creating environment hook '/home/device07/parkingbot/install/parkingbot/share/parkingbot/hook/ament_prefix_path.sh'
[2.264s] INFO:colcon.colcon_core.shell:Skip shell extension 'powershell' for command environment: Not usable outside of PowerShell
[2.264s] DEBUG:colcon.colcon_core.shell:Skip shell extension 'dsv' for command environment
[3.400s] INFO:colcon.colcon_core.task.python.build:Building Python package in '/home/device07/parkingbot'
[3.404s] INFO:colcon.colcon_core.shell:Skip shell extension 'powershell' for command environment: Not usable outside of PowerShell
[3.404s] DEBUG:colcon.colcon_core.shell:Skip shell extension 'dsv' for command environment
[5.462s] DEBUG:colcon.colcon_core.event_handler.log_command:Invoking command in '/home/device07/parkingbot': CONDA_PROMPT_MODIFIER=(jetson07) PYTHONPATH=/home/device07/parkingbot/build/parkingbot/prefix_override:/usr/lib/python3/dist-packages/colcon_core/task/python/colcon_distutils_commands:/home/device07/parkingbot/install/parkingbot/lib/python3.8/site-packages:${PYTHONPATH} /usr/bin/python3 -W ignore:setup.py install is deprecated -W ignore:easy_install command is deprecated setup.py egg_info --egg-base build/parkingbot build --build-base /home/device07/parkingbot/build/parkingbot/build install --record /home/device07/parkingbot/build/parkingbot/install.log --single-version-externally-managed install_data
[6.903s] DEBUG:colcon.colcon_core.event_handler.log_command:Invoked command in '/home/device07/parkingbot' returned '0': CONDA_PROMPT_MODIFIER=(jetson07) PYTHONPATH=/home/device07/parkingbot/build/parkingbot/prefix_override:/usr/lib/python3/dist-packages/colcon_core/task/python/colcon_distutils_commands:/home/device07/parkingbot/install/parkingbot/lib/python3.8/site-packages:${PYTHONPATH} /usr/bin/python3 -W ignore:setup.py install is deprecated -W ignore:easy_install command is deprecated setup.py egg_info --egg-base build/parkingbot build --build-base /home/device07/parkingbot/build/parkingbot/build install --record /home/device07/parkingbot/build/parkingbot/install.log --single-version-externally-managed install_data
[6.916s] Level 1:colcon.colcon_core.environment:checking '/home/device07/parkingbot/install/parkingbot' for CMake module files
[6.919s] Level 1:colcon.colcon_core.environment:checking '/home/device07/parkingbot/install/parkingbot' for CMake config files
[6.925s] Level 1:colcon.colcon_core.environment:checking '/home/device07/parkingbot/install/parkingbot/lib'
[6.926s] Level 1:colcon.colcon_core.environment:checking '/home/device07/parkingbot/install/parkingbot/bin'
[6.926s] Level 1:colcon.colcon_core.shell:create_environment_hook('parkingbot', 'path')
[6.928s] INFO:colcon.colcon_core.shell:Creating environment hook '/home/device07/parkingbot/install/parkingbot/share/parkingbot/hook/path.ps1'
[6.931s] INFO:colcon.colcon_core.shell:Creating environment descriptor '/home/device07/parkingbot/install/parkingbot/share/parkingbot/hook/path.dsv'
[6.934s] INFO:colcon.colcon_core.shell:Creating environment hook '/home/device07/parkingbot/install/parkingbot/share/parkingbot/hook/path.sh'
[6.936s] Level 1:colcon.colcon_core.environment:checking '/home/device07/parkingbot/install/parkingbot/lib/pkgconfig/parkingbot.pc'
[6.938s] Level 1:colcon.colcon_core.environment:checking '/home/device07/parkingbot/install/parkingbot/lib/python3.8/site-packages'
[6.939s] Level 1:colcon.colcon_core.shell:create_environment_hook('parkingbot', 'pythonpath')
[6.940s] INFO:colcon.colcon_core.shell:Creating environment hook '/home/device07/parkingbot/install/parkingbot/share/parkingbot/hook/pythonpath.ps1'
[6.943s] INFO:colcon.colcon_core.shell:Creating environment descriptor '/home/device07/parkingbot/install/parkingbot/share/parkingbot/hook/pythonpath.dsv'
[6.947s] INFO:colcon.colcon_core.shell:Creating environment hook '/home/device07/parkingbot/install/parkingbot/share/parkingbot/hook/pythonpath.sh'
[6.951s] Level 1:colcon.colcon_core.environment:checking '/home/device07/parkingbot/install/parkingbot/bin'
[6.952s] Level 1:colcon.colcon_core.shell:create_environment_hook('parkingbot', 'pythonscriptspath')
[6.953s] INFO:colcon.colcon_core.shell:Creating environment hook '/home/device07/parkingbot/install/parkingbot/share/parkingbot/hook/pythonscriptspath.ps1'
[6.955s] INFO:colcon.colcon_core.shell:Creating environment descriptor '/home/device07/parkingbot/install/parkingbot/share/parkingbot/hook/pythonscriptspath.dsv'
[6.958s] INFO:colcon.colcon_core.shell:Creating environment hook '/home/device07/parkingbot/install/parkingbot/share/parkingbot/hook/pythonscriptspath.sh'
[6.960s] Level 1:colcon.colcon_core.environment:create_environment_scripts_only(parkingbot)
[6.962s] INFO:colcon.colcon_core.shell:Creating package script '/home/device07/parkingbot/install/parkingbot/share/parkingbot/package.ps1'
[6.967s] INFO:colcon.colcon_core.shell:Creating package descriptor '/home/device07/parkingbot/install/parkingbot/share/parkingbot/package.dsv'
[6.970s] INFO:colcon.colcon_core.shell:Creating package script '/home/device07/parkingbot/install/parkingbot/share/parkingbot/package.sh'
[6.976s] INFO:colcon.colcon_core.shell:Creating package script '/home/device07/parkingbot/install/parkingbot/share/parkingbot/package.bash'
[6.980s] INFO:colcon.colcon_core.shell:Creating package script '/home/device07/parkingbot/install/parkingbot/share/parkingbot/package.zsh'
[6.984s] Level 1:colcon.colcon_core.environment:create_file_with_runtime_dependencies(/home/device07/parkingbot/install/parkingbot/share/colcon-core/packages/parkingbot)
[6.987s] DEBUG:colcon.colcon_parallel_executor.executor.parallel:closing loop
[6.989s] DEBUG:colcon.colcon_parallel_executor.executor.parallel:loop closed
[6.990s] DEBUG:colcon.colcon_parallel_executor.executor.parallel:run_until_complete finished with '0'
[6.991s] DEBUG:colcon.colcon_core.event_reactor:joining thread
[7.019s] INFO:colcon.colcon_core.plugin_system:Skipping extension 'colcon_notification.desktop_notification.terminal_notifier': Not used on non-Darwin systems
[7.020s] INFO:colcon.colcon_core.plugin_system:Skipping extension 'colcon_notification.desktop_notification.win32': Not used on non-Windows systems
[7.020s] INFO:colcon.colcon_notification.desktop_notification:Sending desktop notification using 'notify2'
[7.074s] DEBUG:colcon.colcon_notification.desktop_notification.notify2:Failed to initialize notify2: org.freedesktop.DBus.Error.Spawn.ChildExited: Process org.freedesktop.Notifications exited with status 1
[7.075s] DEBUG:colcon.colcon_core.event_reactor:joined thread
[7.077s] INFO:colcon.colcon_core.shell:Creating prefix script '/home/device07/parkingbot/install/local_setup.ps1'
[7.082s] INFO:colcon.colcon_core.shell:Creating prefix util module '/home/device07/parkingbot/install/_local_setup_util_ps1.py'
[7.089s] INFO:colcon.colcon_core.shell:Creating prefix chain script '/home/device07/parkingbot/install/setup.ps1'
[7.093s] INFO:colcon.colcon_core.shell:Creating prefix script '/home/device07/parkingbot/install/local_setup.sh'
[7.096s] INFO:colcon.colcon_core.shell:Creating prefix util module '/home/device07/parkingbot/install/_local_setup_util_sh.py'
[7.099s] INFO:colcon.colcon_core.shell:Creating prefix chain script '/home/device07/parkingbot/install/setup.sh'
[7.104s] INFO:colcon.colcon_core.shell:Creating prefix script '/home/device07/parkingbot/install/local_setup.bash'
[7.107s] INFO:colcon.colcon_core.shell:Creating prefix chain script '/home/device07/parkingbot/install/setup.bash'
[7.111s] INFO:colcon.colcon_core.shell:Creating prefix script '/home/device07/parkingbot/install/local_setup.zsh'
[7.113s] INFO:colcon.colcon_core.shell:Creating prefix chain script '/home/device07/parkingbot/install/setup.zsh'
