[0.000000] (-) TimerEvent: {}
[0.001148] (parkingbot) JobQueued: {'identifier': 'parkingbot', 'dependencies': OrderedDict()}
[0.002403] (parkingbot) JobStarted: {'identifier': 'parkingbot'}
[0.099542] (-) TimerEvent: {}
[0.201800] (-) TimerEvent: {}
[0.302840] (-) TimerEvent: {}
[0.403900] (-) TimerEvent: {}
[0.504801] (-) TimerEvent: {}
[0.605795] (-) TimerEvent: {}
[0.706806] (-) TimerEvent: {}
[0.807851] (-) TimerEvent: {}
[0.910126] (-) TimerEvent: {}
[1.011943] (-) TimerEvent: {}
[1.114242] (-) TimerEvent: {}
[1.216607] (-) TimerEvent: {}
[1.318803] (-) TimerEvent: {}
[1.420277] (-) TimerEvent: {}
[1.521298] (-) TimerEvent: {}
[1.622328] (-) TimerEvent: {}
[1.723406] (-) TimerEvent: {}
[1.824435] (-) TimerEvent: {}
[1.925438] (-) TimerEvent: {}
[2.026434] (-) TimerEvent: {}
[2.127390] (-) TimerEvent: {}
[2.228421] (-) TimerEvent: {}
[2.329380] (-) TimerEvent: {}
[2.430393] (-) TimerEvent: {}
[2.531366] (-) TimerEvent: {}
[2.632451] (-) TimerEvent: {}
[2.733653] (-) TimerEvent: {}
[2.834751] (-) TimerEvent: {}
[2.935900] (-) TimerEvent: {}
[3.036859] (-) TimerEvent: {}
[3.137829] (-) TimerEvent: {}
[3.238753] (-) TimerEvent: {}
[3.339718] (-) TimerEvent: {}
[3.440733] (-) TimerEvent: {}
[3.542136] (-) TimerEvent: {}
[3.643442] (-) TimerEvent: {}
[3.744806] (-) TimerEvent: {}
[3.846388] (-) TimerEvent: {}
[3.947902] (-) TimerEvent: {}
[3.986248] (parkingbot) Command: {'cmd': ['/usr/bin/python3', '-W', 'ignore:setup.py install is deprecated', '-W', 'ignore:easy_install command is deprecated', 'setup.py', 'develop', '--uninstall', '--editable', '--build-directory', '/home/device07/parkingbot/build/parkingbot/build'], 'cwd': '/home/device07/parkingbot/build/parkingbot', 'env': {'PYTHON_BASIC_REPL': '1', 'CONDA_PROMPT_MODIFIER': '(jetson07)', 'USER': 'device07', 'SSH_CLIENT': '192.168.1.76 54567 22', '__OLD_PYTHONPATH': '/opt/ros/foxy/lib/python3.8/site-packages:', 'XDG_SESSION_TYPE': 'tty', 'GIT_ASKPASS': '/home/device07/.vscode-server/cli/servers/Stable-bf9252a2fb45be6893dd8870c0bf37e2e1766d61/server/extensions/git/dist/askpass.sh', 'OPENBLAS_NUM_THREADS': '1', 'SHLVL': '2', 'LD_LIBRARY_PATH': '/home/device07/miniforge3/envs/jetson07/lib:/usr/local/cuda/lib64:/usr/lib/aarch64-linux-gnu:/usr/lib/aarch64-linux-gnu/tegra:/home/device07/miniforge3/envs/jetson07/lib:/opt/ros/foxy/opt/yaml_cpp_vendor/lib:/opt/ros/foxy/opt/rviz_ogre_vendor/lib:/opt/ros/foxy/lib/aarch64-linux-gnu:/opt/ros/foxy/lib:', 'BROWSER': '/home/device07/.vscode-server/cli/servers/Stable-bf9252a2fb45be6893dd8870c0bf37e2e1766d61/server/bin/helpers/browser.sh', 'MOTD_SHOWN': 'pam', 'HOME': '/home/device07', 'CONDA_SHLVL': '1', 'OLDPWD': '/home/device07/parkingbot', 'TERM_PROGRAM_VERSION': '1.106.3', 'VSCODE_IPC_HOOK_CLI': '/run/user/1000/vscode-ipc-41cdb8cc-8431-4041-b968-cbfcf1be667c.sock', 'JETSON_L4T': '35.6.1', 'ROS_PYTHON_VERSION': '3', 'JETSON_MODEL': 'NVIDIA Jetson Xavier NX Developer Kit', 'VSCODE_GIT_ASKPASS_MAIN': '/home/device07/.vscode-server/cli/servers/Stable-bf9252a2fb45be6893dd8870c0bf37e2e1766d61/server/extensions/git/dist/askpass-main.js', 'VSCODE_GIT_ASKPASS_NODE': '/home/device07/.vscode-server/cli/servers/Stable-bf9252a2fb45be6893dd8870c0bf37e2e1766d61/server/node', 'SSL_CERT_FILE': '/usr/lib/ssl/certs/ca-certificates.crt', 'PYDEVD_DISABLE_FILE_VALIDATION': '1', 'BUNDLED_DEBUGPY_PATH': '/home/device07/.vscode-server/extensions/ms-python.debugpy-2025.16.0-linux-arm64/bundled/libs/debugpy', 'VSCODE_PYTHON_AUTOACTIVATE_GUARD': '1', 'DBUS_SESSION_BUS_ADDRESS': 'unix:path=/run/user/1000/bus', 'COLORTERM': 'truecolor', '_CE_M': '', 'PYTHONNOUSERSITE': '1', '_CONDA_ROOT': '/home/device07/miniforge3', '__OLD_CUDA_HOME': '', 'TORCH_CUDA_ARCH_LIST': '7.2', 'COLCON_PREFIX_PATH': '/home/device07/parkingbot/install', 'ROS_DISTRO': 'foxy', 'LOGNAME': 'device07', '__OLD_OpenCV_DIR': '', 'JETSON_MODULE': 'NVIDIA Jetson Xavier NX', 'JETSON_SERIAL_NUMBER': '1421922008799', '_': '/usr/bin/colcon', 'ROS_VERSION': '2', 'PKG_CONFIG_PATH': '/usr/local/lib/pkgconfig:', 'JETSON_CODENAME': 'Jakku', 'XDG_SESSION_CLASS': 'user', 'TERM': 'xterm-256color', 'XDG_SESSION_ID': '2', '__OLD_CUDA_PATH': '', '__OLD_PYTHONNOUSERSITE': '', '__OLD_CMAKE_PREFIX_PATH': '', '_CE_CONDA': '', 'ROS_LOCALHOST_ONLY': '0', '_OLD_LD_LIBRARY_PATH': '/usr/local/cuda/lib64:/usr/lib/aarch64-linux-gnu:/usr/lib/aarch64-linux-gnu/tegra:/home/device07/miniforge3/envs/jetson07/lib:/opt/ros/foxy/opt/yaml_cpp_vendor/lib:/opt/ros/foxy/opt/rviz_ogre_vendor/lib:/opt/ros/foxy/lib/aarch64-linux-gnu:/opt/ros/foxy/lib:', 'PATH': '/home/device07/parkingbot/install/parkingbot/bin:/opt/ros/foxy/bin:/usr/local/cuda/bin:/home/device07/miniforge3/envs/jetson07/bin:/usr/local/sbin:/usr/local/bin:/usr/sbin:/usr/bin:/sbin:/bin', 'XDG_RUNTIME_DIR': '/run/user/1000', 'SSL_CERT_DIR': '/usr/lib/ssl/certs', 'VSCODE_DEBUGPY_ADAPTER_ENDPOINTS': '/home/device07/.vscode-server/extensions/ms-python.debugpy-2025.16.0-linux-arm64/.noConfigDebugAdapterEndpoints/endpoint-d8d2ec536c130f68.txt', '__OLD_PKG_CONFIG_PATH': '', 'LD_PRELOAD': '/usr/lib/aarch64-linux-gnu/libgomp.so.1', 'LANG': 'en_US.UTF-8', 'PYTHONSTARTUP': '/home/device07/.vscode-server/data/User/workspaceStorage/fb74060fdb8f680677b277512baf3b6f/ms-python.python/pythonrc.py', 'JETSON_SOC': 'tegra194', 'VSCODE_GIT_IPC_HANDLE': '/run/user/1000/vscode-git-fb495dbe2d.sock', 'TERM_PROGRAM': 'vscode', 'AMENT_PREFIX_PATH': '/home/device07/parkingbot/install/parkingbot:/opt/ros/foxy', 'CONDA_PYTHON_EXE': '/home/device07/miniforge3/bin/python', 'SHELL': '/bin/bash', '__OLD_OPENBLAS_NUM_THREADS': '', '__OLD_PATH': '/home/device07/parkingbot/install/parkingbot/bin:/opt/ros/foxy/bin:/usr/local/cuda/bin:/home/device07/miniforge3/envs/jetson07/bin:/usr/local/sbin:/usr/local/bin:/usr/sbin:/usr/bin:/sbin:/bin', 'CONDA_DEFAULT_ENV': 'jetson07', 'OpenCV_DIR': '/usr/local/lib/cmake/opencv4', '_CONDA_EXE': '/home/device07/miniforge3/bin/conda', 'VSCODE_GIT_ASKPASS_EXTRA_ARGS': '', 'JETSON_CUDA_ARCH_BIN': '7.2', 'PWD': '/home/device07/parkingbot/build/parkingbot', 'CUDA_HOME': '/usr/local/cuda', 'CONDA_EXE': '/home/device07/miniforge3/bin/conda', 'SSH_CONNECTION': '192.168.1.76 54567 192.168.1.207 22', 'XDG_DATA_DIRS': '/usr/local/share:/usr/share:/var/lib/snapd/desktop', 'PYTHONPATH': '/home/device07/parkingbot/build/parkingbot/prefix_override:/usr/lib/python3/dist-packages/colcon_core/task/python/colcon_distutils_commands:/home/device07/parkingbot/install/parkingbot/lib/python3.8/site-packages:/home/device07/miniforge3/envs/jetson07/lib/python3.8/site-packages:/home/device07/parkingbot/build/parkingbot:/home/device07/parkingbot/install/parkingbot/lib/python3.8/site-packages:/home/device07/miniforge3/envs/jetson07/lib/python3.8/site-packages:/opt/ros/foxy/lib/python3.8/site-packages', 'CONDA_PREFIX': '/home/device07/miniforge3/envs/jetson07', 'COLCON': '1', 'CUDA_PATH': '/usr/local/cuda', '__OLD_LD_LIBRARY_PATH': '/opt/ros/foxy/opt/yaml_cpp_vendor/lib:/opt/ros/foxy/opt/rviz_ogre_vendor/lib:/opt/ros/foxy/lib/aarch64-linux-gnu:/opt/ros/foxy/lib:', 'JETSON_JETPACK': '5.1.5', 'CMAKE_PREFIX_PATH': '/usr/local:', 'JETSON_P_NUMBER': 'p3668-0001'}, 'shell': False}
[4.048210] (-) TimerEvent: {}
[4.149524] (-) TimerEvent: {}
[4.250527] (-) TimerEvent: {}
[4.351532] (-) TimerEvent: {}
[4.452494] (-) TimerEvent: {}
[4.553352] (-) TimerEvent: {}
[4.655407] (-) TimerEvent: {}
[4.748835] (parkingbot) StderrLine: {'line': b"/home/device07/miniforge3/envs/jetson07/lib/python3.8/site-packages/setuptools/_distutils/dist.py:261: UserWarning: Unknown distribution option: 'tests_require'\n"}
[4.749910] (parkingbot) StderrLine: {'line': b'  warnings.warn(msg)\n'}
[4.755605] (-) TimerEvent: {}
[4.856376] (-) TimerEvent: {}
[4.957251] (-) TimerEvent: {}
[5.058662] (-) TimerEvent: {}
[5.159573] (-) TimerEvent: {}
[5.260514] (-) TimerEvent: {}
[5.361426] (-) TimerEvent: {}
[5.462407] (-) TimerEvent: {}
[5.475495] (parkingbot) StdoutLine: {'line': b'running develop\n'}
[5.562644] (-) TimerEvent: {}
[5.663677] (-) TimerEvent: {}
[5.764710] (-) TimerEvent: {}
[5.865732] (-) TimerEvent: {}
[5.966726] (-) TimerEvent: {}
[6.067686] (-) TimerEvent: {}
[6.168688] (-) TimerEvent: {}
[6.269706] (-) TimerEvent: {}
[6.370675] (-) TimerEvent: {}
[6.471710] (-) TimerEvent: {}
[6.531588] (parkingbot) StdoutLine: {'line': b'Removing /home/device07/parkingbot/install/parkingbot/lib/python3.8/site-packages/parkingbot.egg-link (link to .)\n'}
[6.571940] (-) TimerEvent: {}
[6.638004] (parkingbot) CommandEnded: {'returncode': 0}
[6.644725] (parkingbot) Command: {'cmd': ['/usr/bin/python3', '-W', 'ignore:setup.py install is deprecated', '-W', 'ignore:easy_install command is deprecated', 'setup.py', 'egg_info', '--egg-base', 'build/parkingbot', 'build', '--build-base', '/home/device07/parkingbot/build/parkingbot/build', 'install', '--record', '/home/device07/parkingbot/build/parkingbot/install.log', '--single-version-externally-managed', 'install_data', '--force'], 'cwd': '/home/device07/parkingbot', 'env': {'PYTHON_BASIC_REPL': '1', 'CONDA_PROMPT_MODIFIER': '(jetson07)', 'USER': 'device07', 'SSH_CLIENT': '192.168.1.76 54567 22', '__OLD_PYTHONPATH': '/opt/ros/foxy/lib/python3.8/site-packages:', 'XDG_SESSION_TYPE': 'tty', 'GIT_ASKPASS': '/home/device07/.vscode-server/cli/servers/Stable-bf9252a2fb45be6893dd8870c0bf37e2e1766d61/server/extensions/git/dist/askpass.sh', 'OPENBLAS_NUM_THREADS': '1', 'SHLVL': '2', 'LD_LIBRARY_PATH': '/home/device07/miniforge3/envs/jetson07/lib:/usr/local/cuda/lib64:/usr/lib/aarch64-linux-gnu:/usr/lib/aarch64-linux-gnu/tegra:/home/device07/miniforge3/envs/jetson07/lib:/opt/ros/foxy/opt/yaml_cpp_vendor/lib:/opt/ros/foxy/opt/rviz_ogre_vendor/lib:/opt/ros/foxy/lib/aarch64-linux-gnu:/opt/ros/foxy/lib:', 'BROWSER': '/home/device07/.vscode-server/cli/servers/Stable-bf9252a2fb45be6893dd8870c0bf37e2e1766d61/server/bin/helpers/browser.sh', 'MOTD_SHOWN': 'pam', 'HOME': '/home/device07', 'CONDA_SHLVL': '1', 'OLDPWD': '/home/device07/parkingbot', 'TERM_PROGRAM_VERSION': '1.106.3', 'VSCODE_IPC_HOOK_CLI': '/run/user/1000/vscode-ipc-41cdb8cc-8431-4041-b968-cbfcf1be667c.sock', 'JETSON_L4T': '35.6.1', 'ROS_PYTHON_VERSION': '3', 'JETSON_MODEL': 'NVIDIA Jetson Xavier NX Developer Kit', 'VSCODE_GIT_ASKPASS_MAIN': '/home/device07/.vscode-server/cli/servers/Stable-bf9252a2fb45be6893dd8870c0bf37e2e1766d61/server/extensions/git/dist/askpass-main.js', 'VSCODE_GIT_ASKPASS_NODE': '/home/device07/.vscode-server/cli/servers/Stable-bf9252a2fb45be6893dd8870c0bf37e2e1766d61/server/node', 'SSL_CERT_FILE': '/usr/lib/ssl/certs/ca-certificates.crt', 'PYDEVD_DISABLE_FILE_VALIDATION': '1', 'BUNDLED_DEBUGPY_PATH': '/home/device07/.vscode-server/extensions/ms-python.debugpy-2025.16.0-linux-arm64/bundled/libs/debugpy', 'VSCODE_PYTHON_AUTOACTIVATE_GUARD': '1', 'DBUS_SESSION_BUS_ADDRESS': 'unix:path=/run/user/1000/bus', 'COLORTERM': 'truecolor', '_CE_M': '', 'PYTHONNOUSERSITE': '1', '_CONDA_ROOT': '/home/device07/miniforge3', '__OLD_CUDA_HOME': '', 'TORCH_CUDA_ARCH_LIST': '7.2', 'COLCON_PREFIX_PATH': '/home/device07/parkingbot/install', 'ROS_DISTRO': 'foxy', 'LOGNAME': 'device07', '__OLD_OpenCV_DIR': '', 'JETSON_MODULE': 'NVIDIA Jetson Xavier NX', 'JETSON_SERIAL_NUMBER': '1421922008799', '_': '/usr/bin/colcon', 'ROS_VERSION': '2', 'PKG_CONFIG_PATH': '/usr/local/lib/pkgconfig:', 'JETSON_CODENAME': 'Jakku', 'XDG_SESSION_CLASS': 'user', 'TERM': 'xterm-256color', 'XDG_SESSION_ID': '2', '__OLD_CUDA_PATH': '', '__OLD_PYTHONNOUSERSITE': '', '__OLD_CMAKE_PREFIX_PATH': '', '_CE_CONDA': '', 'ROS_LOCALHOST_ONLY': '0', '_OLD_LD_LIBRARY_PATH': '/usr/local/cuda/lib64:/usr/lib/aarch64-linux-gnu:/usr/lib/aarch64-linux-gnu/tegra:/home/device07/miniforge3/envs/jetson07/lib:/opt/ros/foxy/opt/yaml_cpp_vendor/lib:/opt/ros/foxy/opt/rviz_ogre_vendor/lib:/opt/ros/foxy/lib/aarch64-linux-gnu:/opt/ros/foxy/lib:', 'PATH': '/home/device07/parkingbot/install/parkingbot/bin:/opt/ros/foxy/bin:/usr/local/cuda/bin:/home/device07/miniforge3/envs/jetson07/bin:/usr/local/sbin:/usr/local/bin:/usr/sbin:/usr/bin:/sbin:/bin', 'XDG_RUNTIME_DIR': '/run/user/1000', 'SSL_CERT_DIR': '/usr/lib/ssl/certs', 'VSCODE_DEBUGPY_ADAPTER_ENDPOINTS': '/home/device07/.vscode-server/extensions/ms-python.debugpy-2025.16.0-linux-arm64/.noConfigDebugAdapterEndpoints/endpoint-d8d2ec536c130f68.txt', '__OLD_PKG_CONFIG_PATH': '', 'LD_PRELOAD': '/usr/lib/aarch64-linux-gnu/libgomp.so.1', 'LANG': 'en_US.UTF-8', 'PYTHONSTARTUP': '/home/device07/.vscode-server/data/User/workspaceStorage/fb74060fdb8f680677b277512baf3b6f/ms-python.python/pythonrc.py', 'JETSON_SOC': 'tegra194', 'VSCODE_GIT_IPC_HANDLE': '/run/user/1000/vscode-git-fb495dbe2d.sock', 'TERM_PROGRAM': 'vscode', 'AMENT_PREFIX_PATH': '/home/device07/parkingbot/install/parkingbot:/opt/ros/foxy', 'CONDA_PYTHON_EXE': '/home/device07/miniforge3/bin/python', 'SHELL': '/bin/bash', '__OLD_OPENBLAS_NUM_THREADS': '', '__OLD_PATH': '/home/device07/parkingbot/install/parkingbot/bin:/opt/ros/foxy/bin:/usr/local/cuda/bin:/home/device07/miniforge3/envs/jetson07/bin:/usr/local/sbin:/usr/local/bin:/usr/sbin:/usr/bin:/sbin:/bin', 'CONDA_DEFAULT_ENV': 'jetson07', 'OpenCV_DIR': '/usr/local/lib/cmake/opencv4', '_CONDA_EXE': '/home/device07/miniforge3/bin/conda', 'VSCODE_GIT_ASKPASS_EXTRA_ARGS': '', 'JETSON_CUDA_ARCH_BIN': '7.2', 'PWD': '/home/device07/parkingbot/build/parkingbot', 'CUDA_HOME': '/usr/local/cuda', 'CONDA_EXE': '/home/device07/miniforge3/bin/conda', 'SSH_CONNECTION': '192.168.1.76 54567 192.168.1.207 22', 'XDG_DATA_DIRS': '/usr/local/share:/usr/share:/var/lib/snapd/desktop', 'PYTHONPATH': '/home/device07/parkingbot/build/parkingbot/prefix_override:/usr/lib/python3/dist-packages/colcon_core/task/python/colcon_distutils_commands:/home/device07/parkingbot/install/parkingbot/lib/python3.8/site-packages:/home/device07/miniforge3/envs/jetson07/lib/python3.8/site-packages:/home/device07/parkingbot/build/parkingbot:/home/device07/parkingbot/install/parkingbot/lib/python3.8/site-packages:/home/device07/miniforge3/envs/jetson07/lib/python3.8/site-packages:/opt/ros/foxy/lib/python3.8/site-packages', 'CONDA_PREFIX': '/home/device07/miniforge3/envs/jetson07', 'COLCON': '1', 'CUDA_PATH': '/usr/local/cuda', '__OLD_LD_LIBRARY_PATH': '/opt/ros/foxy/opt/yaml_cpp_vendor/lib:/opt/ros/foxy/opt/rviz_ogre_vendor/lib:/opt/ros/foxy/lib/aarch64-linux-gnu:/opt/ros/foxy/lib:', 'JETSON_JETPACK': '5.1.5', 'CMAKE_PREFIX_PATH': '/usr/local:', 'JETSON_P_NUMBER': 'p3668-0001'}, 'shell': False}
[6.672421] (-) TimerEvent: {}
[6.773884] (-) TimerEvent: {}
[6.874855] (-) TimerEvent: {}
[6.975792] (-) TimerEvent: {}
[7.076760] (-) TimerEvent: {}
[7.177745] (-) TimerEvent: {}
[7.278642] (-) TimerEvent: {}
[7.379506] (-) TimerEvent: {}
[7.425650] (parkingbot) StderrLine: {'line': b"/home/device07/miniforge3/envs/jetson07/lib/python3.8/site-packages/setuptools/_distutils/dist.py:261: UserWarning: Unknown distribution option: 'tests_require'\n"}
[7.426692] (parkingbot) StderrLine: {'line': b'  warnings.warn(msg)\n'}
[7.479699] (-) TimerEvent: {}
[7.580548] (-) TimerEvent: {}
[7.681423] (-) TimerEvent: {}
[7.782349] (-) TimerEvent: {}
[7.883165] (-) TimerEvent: {}
[7.951446] (parkingbot) StdoutLine: {'line': b'running egg_info\n'}
[7.983395] (-) TimerEvent: {}
[8.036413] (parkingbot) StdoutLine: {'line': b'writing build/parkingbot/parkingbot.egg-info/PKG-INFO\n'}
[8.038934] (parkingbot) StdoutLine: {'line': b'writing dependency_links to build/parkingbot/parkingbot.egg-info/dependency_links.txt\n'}
[8.040167] (parkingbot) StdoutLine: {'line': b'writing entry points to build/parkingbot/parkingbot.egg-info/entry_points.txt\n'}
[8.041200] (parkingbot) StdoutLine: {'line': b'writing requirements to build/parkingbot/parkingbot.egg-info/requires.txt\n'}
[8.042008] (parkingbot) StdoutLine: {'line': b'writing top-level names to build/parkingbot/parkingbot.egg-info/top_level.txt\n'}
[8.083589] (-) TimerEvent: {}
[8.184462] (-) TimerEvent: {}
[8.285347] (-) TimerEvent: {}
[8.386316] (-) TimerEvent: {}
[8.487249] (-) TimerEvent: {}
[8.588153] (-) TimerEvent: {}
[8.671889] (parkingbot) StdoutLine: {'line': b"reading manifest file 'build/parkingbot/parkingbot.egg-info/SOURCES.txt'\n"}
[8.678954] (parkingbot) StdoutLine: {'line': b"writing manifest file 'build/parkingbot/parkingbot.egg-info/SOURCES.txt'\n"}
[8.679840] (parkingbot) StdoutLine: {'line': b'running build\n'}
[8.680536] (parkingbot) StdoutLine: {'line': b'running build_py\n'}
[8.681141] (parkingbot) StdoutLine: {'line': b'copying parkingbot/depth_helper.py -> /home/device07/parkingbot/build/parkingbot/build/lib/parkingbot\n'}
[8.682399] (parkingbot) StdoutLine: {'line': b'copying parkingbot/vision_node.py -> /home/device07/parkingbot/build/parkingbot/build/lib/parkingbot\n'}
[8.683573] (parkingbot) StdoutLine: {'line': b'copying parkingbot/gesture_logic.py -> /home/device07/parkingbot/build/parkingbot/build/lib/parkingbot\n'}
[8.684662] (parkingbot) StdoutLine: {'line': b'copying parkingbot/__init__.py -> /home/device07/parkingbot/build/parkingbot/build/lib/parkingbot\n'}
[8.685736] (parkingbot) StdoutLine: {'line': b'copying parkingbot/pose_wrapper.py -> /home/device07/parkingbot/build/parkingbot/build/lib/parkingbot\n'}
[8.687916] (parkingbot) StdoutLine: {'line': b'running install\n'}
[8.688407] (-) TimerEvent: {}
[8.713688] (parkingbot) StdoutLine: {'line': b'running install_lib\n'}
[8.788648] (-) TimerEvent: {}
[8.799174] (parkingbot) StdoutLine: {'line': b'creating /home/device07/parkingbot/install/parkingbot/lib/python3.8/site-packages/parkingbot\n'}
[8.800171] (parkingbot) StdoutLine: {'line': b'copying /home/device07/parkingbot/build/parkingbot/build/lib/parkingbot/depth_helper.py -> /home/device07/parkingbot/install/parkingbot/lib/python3.8/site-packages/parkingbot\n'}
[8.800887] (parkingbot) StdoutLine: {'line': b'copying /home/device07/parkingbot/build/parkingbot/build/lib/parkingbot/vision_node.py -> /home/device07/parkingbot/install/parkingbot/lib/python3.8/site-packages/parkingbot\n'}
[8.801855] (parkingbot) StdoutLine: {'line': b'copying /home/device07/parkingbot/build/parkingbot/build/lib/parkingbot/gesture_logic.py -> /home/device07/parkingbot/install/parkingbot/lib/python3.8/site-packages/parkingbot\n'}
[8.802880] (parkingbot) StdoutLine: {'line': b'copying /home/device07/parkingbot/build/parkingbot/build/lib/parkingbot/__init__.py -> /home/device07/parkingbot/install/parkingbot/lib/python3.8/site-packages/parkingbot\n'}
[8.803770] (parkingbot) StdoutLine: {'line': b'copying /home/device07/parkingbot/build/parkingbot/build/lib/parkingbot/pose_wrapper.py -> /home/device07/parkingbot/install/parkingbot/lib/python3.8/site-packages/parkingbot\n'}
[8.806643] (parkingbot) StdoutLine: {'line': b'byte-compiling /home/device07/parkingbot/install/parkingbot/lib/python3.8/site-packages/parkingbot/depth_helper.py to depth_helper.cpython-38.pyc\n'}
[8.809746] (parkingbot) StdoutLine: {'line': b'byte-compiling /home/device07/parkingbot/install/parkingbot/lib/python3.8/site-packages/parkingbot/vision_node.py to vision_node.cpython-38.pyc\n'}
[8.814878] (parkingbot) StdoutLine: {'line': b'byte-compiling /home/device07/parkingbot/install/parkingbot/lib/python3.8/site-packages/parkingbot/gesture_logic.py to gesture_logic.cpython-38.pyc\n'}
[8.818197] (parkingbot) StdoutLine: {'line': b'byte-compiling /home/device07/parkingbot/install/parkingbot/lib/python3.8/site-packages/parkingbot/__init__.py to __init__.cpython-38.pyc\n'}
[8.819345] (parkingbot) StdoutLine: {'line': b'byte-compiling /home/device07/parkingbot/install/parkingbot/lib/python3.8/site-packages/parkingbot/pose_wrapper.py to pose_wrapper.cpython-38.pyc\n'}
[8.820843] (parkingbot) StdoutLine: {'line': b'running install_data\n'}
[8.821750] (parkingbot) StdoutLine: {'line': b'copying resource/parkingbot -> /home/device07/parkingbot/install/parkingbot/share/ament_index/resource_index/packages\n'}
[8.823014] (parkingbot) StdoutLine: {'line': b'copying package.xml -> /home/device07/parkingbot/install/parkingbot/share/parkingbot\n'}
[8.824060] (parkingbot) StdoutLine: {'line': b'copying launch/parkingbot.launch.py -> /home/device07/parkingbot/install/parkingbot/share/parkingbot/launch\n'}
[8.825152] (parkingbot) StdoutLine: {'line': b'running install_egg_info\n'}
[8.888903] (-) TimerEvent: {}
[8.912318] (parkingbot) StdoutLine: {'line': b'Copying build/parkingbot/parkingbot.egg-info to /home/device07/parkingbot/install/parkingbot/lib/python3.8/site-packages/parkingbot-0.0.1-py3.8.egg-info\n'}
[8.918466] (parkingbot) StdoutLine: {'line': b'running install_scripts\n'}
[8.989159] (-) TimerEvent: {}
[9.090334] (-) TimerEvent: {}
[9.123808] (parkingbot) StdoutLine: {'line': b'Installing parkingbot_node script to /home/device07/parkingbot/install/parkingbot/lib/parkingbot\n'}
[9.126165] (parkingbot) StdoutLine: {'line': b"writing list of installed files to '/home/device07/parkingbot/build/parkingbot/install.log'\n"}
[9.190638] (-) TimerEvent: {}
[9.226180] (parkingbot) CommandEnded: {'returncode': 0}
[9.291088] (-) TimerEvent: {}
[9.309848] (parkingbot) JobEnded: {'identifier': 'parkingbot', 'rc': 0}
[9.314165] (-) EventReactorShutdown: {}
