[1.002s] DEBUG:colcon:Command line arguments: ['/usr/bin/colcon', 'build']
[1.002s] DEBUG:colcon:Parsed command line arguments: Namespace(allow_overriding=[], ament_cmake_args=None, base_paths=['.'], build_base='build', catkin_cmake_args=None, catkin_skip_building_tests=False, cmake_args=None, cmake_clean_cache=False, cmake_clean_first=False, cmake_force_configure=False, cmake_target=None, cmake_target_skip_unavailable=False, continue_on_error=False, event_handlers=None, executor='parallel', ignore_user_meta=False, install_base='install', log_base=None, log_level=None, main=<bound method BuildVerb.main of <colcon_core.verb.build.BuildVerb object at 0xffff85e6a130>>, merge_install=False, metas=['./colcon.meta'], packages_above=None, packages_above_and_dependencies=None, packages_above_depth=None, packages_end=None, packages_ignore=None, packages_ignore_regex=None, packages_select=None, packages_select_build_failed=False, packages_select_by_dep=None, packages_select_regex=None, packages_select_test_failures=False, packages_skip=None, packages_skip_build_finished=False, packages_skip_by_dep=None, packages_skip_regex=None, packages_skip_test_passed=False, packages_skip_up_to=None, packages_start=None, packages_up_to=None, packages_up_to_regex=None, parallel_workers=6, paths=None, symlink_install=False, test_result_base=None, verb_extension=<colcon_core.verb.build.BuildVerb object at 0xffff85e6a130>, verb_name='build', verb_parser=<colcon_defaults.argument_parser.defaults.DefaultArgumentsDecorator object at 0xffff85df5430>)
[1.235s] Level 1:colcon.colcon_core.package_discovery:discover_packages(colcon_meta) check parameters
[1.236s] Level 1:colcon.colcon_core.package_discovery:discover_packages(recursive) check parameters
[1.236s] Level 1:colcon.colcon_core.package_discovery:discover_packages(ignore) check parameters
[1.236s] Level 1:colcon.colcon_core.package_discovery:discover_packages(path) check parameters
[1.236s] Level 1:colcon.colcon_core.package_discovery:discover_packages(colcon_meta) discover
[1.240s] Level 1:colcon.colcon_core.package_discovery:discover_packages(recursive) discover
[1.240s] INFO:colcon.colcon_core.package_discovery:Crawling recursively for packages in '/home/device07/parkingbot'
[1.241s] Level 1:colcon.colcon_core.package_identification:_identify(.) by extensions ['ignore', 'ignore_ament_install']
[1.241s] Level 1:colcon.colcon_core.package_identification:_identify(.) by extension 'ignore'
[1.242s] Level 1:colcon.colcon_core.package_identification:_identify(.) by extension 'ignore_ament_install'
[1.242s] Level 1:colcon.colcon_core.package_identification:_identify(.) by extensions ['colcon_pkg']
[1.242s] Level 1:colcon.colcon_core.package_identification:_identify(.) by extension 'colcon_pkg'
[1.243s] Level 1:colcon.colcon_core.package_identification:_identify(.) by extensions ['colcon_meta']
[1.243s] Level 1:colcon.colcon_core.package_identification:_identify(.) by extension 'colcon_meta'
[1.243s] Level 1:colcon.colcon_core.package_identification:_identify(.) by extensions ['ros']
[1.243s] Level 1:colcon.colcon_core.package_identification:_identify(.) by extension 'ros'
[1.325s] DEBUG:colcon.colcon_core.package_identification:Package '.' with type 'ros.ament_python' and name 'parkingbot'
[1.325s] Level 1:colcon.colcon_core.package_discovery:discover_packages(recursive) using defaults
[1.325s] Level 1:colcon.colcon_core.package_discovery:discover_packages(ignore) discover
[1.326s] Level 1:colcon.colcon_core.package_discovery:discover_packages(ignore) using defaults
[1.326s] Level 1:colcon.colcon_core.package_discovery:discover_packages(path) discover
[1.326s] Level 1:colcon.colcon_core.package_discovery:discover_packages(path) using defaults
[1.416s] Level 1:colcon.colcon_core.package_discovery:discover_packages(prefix_path) check parameters
[1.416s] Level 1:colcon.colcon_core.package_discovery:discover_packages(prefix_path) discover
[1.427s] DEBUG:colcon.colcon_installed_package_information.package_discovery:Found 1 installed packages in /home/device07/parkingbot/install
[1.435s] DEBUG:colcon.colcon_installed_package_information.package_discovery:Found 256 installed packages in /opt/ros/foxy
[1.444s] Level 1:colcon.colcon_core.package_discovery:discover_packages(prefix_path) using defaults
[1.729s] Level 5:colcon.colcon_core.verb:set package 'parkingbot' build argument 'cmake_args' from command line to 'None'
[1.730s] Level 5:colcon.colcon_core.verb:set package 'parkingbot' build argument 'cmake_target' from command line to 'None'
[1.730s] Level 5:colcon.colcon_core.verb:set package 'parkingbot' build argument 'cmake_target_skip_unavailable' from command line to 'False'
[1.730s] Level 5:colcon.colcon_core.verb:set package 'parkingbot' build argument 'cmake_clean_cache' from command line to 'False'
[1.731s] Level 5:colcon.colcon_core.verb:set package 'parkingbot' build argument 'cmake_clean_first' from command line to 'False'
[1.731s] Level 5:colcon.colcon_core.verb:set package 'parkingbot' build argument 'cmake_force_configure' from command line to 'False'
[1.731s] Level 5:colcon.colcon_core.verb:set package 'parkingbot' build argument 'ament_cmake_args' from command line to 'None'
[1.731s] Level 5:colcon.colcon_core.verb:set package 'parkingbot' build argument 'catkin_cmake_args' from command line to 'None'
[1.731s] Level 5:colcon.colcon_core.verb:set package 'parkingbot' build argument 'catkin_skip_building_tests' from command line to 'False'
[1.732s] DEBUG:colcon.colcon_core.verb:Building package 'parkingbot' with the following arguments: {'ament_cmake_args': None, 'build_base': '/home/device07/parkingbot/build/parkingbot', 'catkin_cmake_args': None, 'catkin_skip_building_tests': False, 'cmake_args': None, 'cmake_clean_cache': False, 'cmake_clean_first': False, 'cmake_force_configure': False, 'cmake_target': None, 'cmake_target_skip_unavailable': False, 'install_base': '/home/device07/parkingbot/install/parkingbot', 'merge_install': False, 'path': '/home/device07/parkingbot', 'symlink_install': False, 'test_result_base': None}
[1.732s] INFO:colcon.colcon_core.executor:Executing jobs using 'parallel' executor
[1.737s] DEBUG:colcon.colcon_parallel_executor.executor.parallel:run_until_complete
[1.738s] INFO:colcon.colcon_ros.task.ament_python.build:Building ROS package in '/home/device07/parkingbot' with build type 'ament_python'
[1.739s] Level 1:colcon.colcon_core.shell:create_environment_hook('parkingbot', 'ament_prefix_path')
[1.750s] INFO:colcon.colcon_core.plugin_system:Skipping extension 'colcon_core.shell.bat': Not used on non-Windows systems
[1.751s] INFO:colcon.colcon_core.shell:Creating environment hook '/home/device07/parkingbot/install/parkingbot/share/parkingbot/hook/ament_prefix_path.ps1'
[1.754s] INFO:colcon.colcon_core.shell:Creating environment descriptor '/home/device07/parkingbot/install/parkingbot/share/parkingbot/hook/ament_prefix_path.dsv'
[1.756s] INFO:colcon.colcon_core.shell:Creating environment hook '/home/device07/parkingbot/install/parkingbot/share/parkingbot/hook/ament_prefix_path.sh'
[1.760s] INFO:colcon.colcon_core.shell:Skip shell extension 'powershell' for command environment: Not usable outside of PowerShell
[1.760s] DEBUG:colcon.colcon_core.shell:Skip shell extension 'dsv' for command environment
[2.790s] INFO:colcon.colcon_core.task.python.build:Building Python package in '/home/device07/parkingbot'
[2.794s] INFO:colcon.colcon_core.shell:Skip shell extension 'powershell' for command environment: Not usable outside of PowerShell
[2.795s] DEBUG:colcon.colcon_core.shell:Skip shell extension 'dsv' for command environment
[5.741s] DEBUG:colcon.colcon_core.event_handler.log_command:Invoking command in '/home/device07/parkingbot': CONDA_PROMPT_MODIFIER=(jetson07) PYTHONPATH=/home/device07/parkingbot/build/parkingbot/prefix_override:/usr/lib/python3/dist-packages/colcon_core/task/python/colcon_distutils_commands:/home/device07/parkingbot/install/parkingbot/lib/python3.8/site-packages:${PYTHONPATH} /usr/bin/python3 -W ignore:setup.py install is deprecated -W ignore:easy_install command is deprecated setup.py egg_info --egg-base build/parkingbot build --build-base /home/device07/parkingbot/build/parkingbot/build install --record /home/device07/parkingbot/build/parkingbot/install.log --single-version-externally-managed install_data
[8.202s] DEBUG:colcon.colcon_core.event_handler.log_command:Invoked command in '/home/device07/parkingbot' returned '0': CONDA_PROMPT_MODIFIER=(jetson07) PYTHONPATH=/home/device07/parkingbot/build/parkingbot/prefix_override:/usr/lib/python3/dist-packages/colcon_core/task/python/colcon_distutils_commands:/home/device07/parkingbot/install/parkingbot/lib/python3.8/site-packages:${PYTHONPATH} /usr/bin/python3 -W ignore:setup.py install is deprecated -W ignore:easy_install command is deprecated setup.py egg_info --egg-base build/parkingbot build --build-base /home/device07/parkingbot/build/parkingbot/build install --record /home/device07/parkingbot/build/parkingbot/install.log --single-version-externally-managed install_data
[8.217s] Level 1:colcon.colcon_core.environment:checking '/home/device07/parkingbot/install/parkingbot' for CMake module files
[8.220s] Level 1:colcon.colcon_core.environment:checking '/home/device07/parkingbot/install/parkingbot' for CMake config files
[8.226s] Level 1:colcon.colcon_core.environment:checking '/home/device07/parkingbot/install/parkingbot/lib'
[8.226s] Level 1:colcon.colcon_core.environment:checking '/home/device07/parkingbot/install/parkingbot/bin'
[8.227s] Level 1:colcon.colcon_core.shell:create_environment_hook('parkingbot', 'path')
[8.228s] INFO:colcon.colcon_core.shell:Creating environment hook '/home/device07/parkingbot/install/parkingbot/share/parkingbot/hook/path.ps1'
[8.231s] INFO:colcon.colcon_core.shell:Creating environment descriptor '/home/device07/parkingbot/install/parkingbot/share/parkingbot/hook/path.dsv'
[8.233s] INFO:colcon.colcon_core.shell:Creating environment hook '/home/device07/parkingbot/install/parkingbot/share/parkingbot/hook/path.sh'
[8.236s] Level 1:colcon.colcon_core.environment:checking '/home/device07/parkingbot/install/parkingbot/lib/pkgconfig/parkingbot.pc'
[8.237s] Level 1:colcon.colcon_core.environment:checking '/home/device07/parkingbot/install/parkingbot/lib/python3.8/site-packages'
[8.238s] Level 1:colcon.colcon_core.shell:create_environment_hook('parkingbot', 'pythonpath')
[8.239s] INFO:colcon.colcon_core.shell:Creating environment hook '/home/device07/parkingbot/install/parkingbot/share/parkingbot/hook/pythonpath.ps1'
[8.241s] INFO:colcon.colcon_core.shell:Creating environment descriptor '/home/device07/parkingbot/install/parkingbot/share/parkingbot/hook/pythonpath.dsv'
[8.243s] INFO:colcon.colcon_core.shell:Creating environment hook '/home/device07/parkingbot/install/parkingbot/share/parkingbot/hook/pythonpath.sh'
[8.247s] Level 1:colcon.colcon_core.environment:checking '/home/device07/parkingbot/install/parkingbot/bin'
[8.247s] Level 1:colcon.colcon_core.shell:create_environment_hook('parkingbot', 'pythonscriptspath')
[8.248s] INFO:colcon.colcon_core.shell:Creating environment hook '/home/device07/parkingbot/install/parkingbot/share/parkingbot/hook/pythonscriptspath.ps1'
[8.251s] INFO:colcon.colcon_core.shell:Creating environment descriptor '/home/device07/parkingbot/install/parkingbot/share/parkingbot/hook/pythonscriptspath.dsv'
[8.253s] INFO:colcon.colcon_core.shell:Creating environment hook '/home/device07/parkingbot/install/parkingbot/share/parkingbot/hook/pythonscriptspath.sh'
[8.256s] Level 1:colcon.colcon_core.environment:create_environment_scripts_only(parkingbot)
[8.259s] INFO:colcon.colcon_core.shell:Creating package script '/home/device07/parkingbot/install/parkingbot/share/parkingbot/package.ps1'
[8.263s] INFO:colcon.colcon_core.shell:Creating package descriptor '/home/device07/parkingbot/install/parkingbot/share/parkingbot/package.dsv'
[8.267s] INFO:colcon.colcon_core.shell:Creating package script '/home/device07/parkingbot/install/parkingbot/share/parkingbot/package.sh'
[8.271s] INFO:colcon.colcon_core.shell:Creating package script '/home/device07/parkingbot/install/parkingbot/share/parkingbot/package.bash'
[8.274s] INFO:colcon.colcon_core.shell:Creating package script '/home/device07/parkingbot/install/parkingbot/share/parkingbot/package.zsh'
[8.278s] Level 1:colcon.colcon_core.environment:create_file_with_runtime_dependencies(/home/device07/parkingbot/install/parkingbot/share/colcon-core/packages/parkingbot)
[8.281s] DEBUG:colcon.colcon_parallel_executor.executor.parallel:closing loop
[8.283s] DEBUG:colcon.colcon_parallel_executor.executor.parallel:loop closed
[8.284s] DEBUG:colcon.colcon_parallel_executor.executor.parallel:run_until_complete finished with '0'
[8.284s] DEBUG:colcon.colcon_core.event_reactor:joining thread
[8.314s] INFO:colcon.colcon_core.plugin_system:Skipping extension 'colcon_notification.desktop_notification.terminal_notifier': Not used on non-Darwin systems
[8.315s] INFO:colcon.colcon_core.plugin_system:Skipping extension 'colcon_notification.desktop_notification.win32': Not used on non-Windows systems
[8.315s] INFO:colcon.colcon_notification.desktop_notification:Sending desktop notification using 'notify2'
[8.374s] DEBUG:colcon.colcon_notification.desktop_notification.notify2:Failed to initialize notify2: org.freedesktop.DBus.Error.Spawn.ChildExited: Process org.freedesktop.Notifications exited with status 1
[8.374s] DEBUG:colcon.colcon_core.event_reactor:joined thread
[8.376s] INFO:colcon.colcon_core.shell:Creating prefix script '/home/device07/parkingbot/install/local_setup.ps1'
[8.380s] INFO:colcon.colcon_core.shell:Creating prefix util module '/home/device07/parkingbot/install/_local_setup_util_ps1.py'
[8.387s] INFO:colcon.colcon_core.shell:Creating prefix chain script '/home/device07/parkingbot/install/setup.ps1'
[8.392s] INFO:colcon.colcon_core.shell:Creating prefix script '/home/device07/parkingbot/install/local_setup.sh'
[8.395s] INFO:colcon.colcon_core.shell:Creating prefix util module '/home/device07/parkingbot/install/_local_setup_util_sh.py'
[8.398s] INFO:colcon.colcon_core.shell:Creating prefix chain script '/home/device07/parkingbot/install/setup.sh'
[8.403s] INFO:colcon.colcon_core.shell:Creating prefix script '/home/device07/parkingbot/install/local_setup.bash'
[8.406s] INFO:colcon.colcon_core.shell:Creating prefix chain script '/home/device07/parkingbot/install/setup.bash'
[8.410s] INFO:colcon.colcon_core.shell:Creating prefix script '/home/device07/parkingbot/install/local_setup.zsh'
[8.412s] INFO:colcon.colcon_core.shell:Creating prefix chain script '/home/device07/parkingbot/install/setup.zsh'
