[4.007s] Invoking command in '/home/device07/parkingbot/build/parkingbot': CONDA_PROMPT_MODIFIER=(jetson07) PYTHONPATH=/home/device07/parkingbot/build/parkingbot/prefix_override:/usr/lib/python3/dist-packages/colcon_core/task/python/colcon_distutils_commands:/home/device07/parkingbot/install/parkingbot/lib/python3.8/site-packages:${PYTHONPATH} /usr/bin/python3 -W ignore:setup.py install is deprecated -W ignore:easy_install command is deprecated setup.py develop --uninstall --editable --build-directory /home/device07/parkingbot/build/parkingbot/build
[4.746s] /home/device07/miniforge3/envs/jetson07/lib/python3.8/site-packages/setuptools/_distutils/dist.py:261: UserWarning: Unknown distribution option: 'tests_require'
[4.747s]   warnings.warn(msg)
[5.473s] running develop
[6.529s] Removing /home/device07/parkingbot/install/parkingbot/lib/python3.8/site-packages/parkingbot.egg-link (link to .)
[6.636s] Invoked command in '/home/device07/parkingbot/build/parkingbot' returned '0': CONDA_PROMPT_MODIFIER=(jetson07) PYTHONPATH=/home/device07/parkingbot/build/parkingbot/prefix_override:/usr/lib/python3/dist-packages/colcon_core/task/python/colcon_distutils_commands:/home/device07/parkingbot/install/parkingbot/lib/python3.8/site-packages:${PYTHONPATH} /usr/bin/python3 -W ignore:setup.py install is deprecated -W ignore:easy_install command is deprecated setup.py develop --uninstall --editable --build-directory /home/device07/parkingbot/build/parkingbot/build
[6.649s] Invoking command in '/home/device07/parkingbot': CONDA_PROMPT_MODIFIER=(jetson07) PYTHONPATH=/home/device07/parkingbot/build/parkingbot/prefix_override:/usr/lib/python3/dist-packages/colcon_core/task/python/colcon_distutils_commands:/home/device07/parkingbot/install/parkingbot/lib/python3.8/site-packages:${PYTHONPATH} /usr/bin/python3 -W ignore:setup.py install is deprecated -W ignore:easy_install command is deprecated setup.py egg_info --egg-base build/parkingbot build --build-base /home/device07/parkingbot/build/parkingbot/build install --record /home/device07/parkingbot/build/parkingbot/install.log --single-version-externally-managed install_data --force
[7.423s] /home/device07/miniforge3/envs/jetson07/lib/python3.8/site-packages/setuptools/_distutils/dist.py:261: UserWarning: Unknown distribution option: 'tests_require'
[7.424s]   warnings.warn(msg)
[7.949s] running egg_info
[8.034s] writing build/parkingbot/parkingbot.egg-info/PKG-INFO
[8.036s] writing dependency_links to build/parkingbot/parkingbot.egg-info/dependency_links.txt
[8.037s] writing entry points to build/parkingbot/parkingbot.egg-info/entry_points.txt
[8.038s] writing requirements to build/parkingbot/parkingbot.egg-info/requires.txt
[8.039s] writing top-level names to build/parkingbot/parkingbot.egg-info/top_level.txt
[8.669s] reading manifest file 'build/parkingbot/parkingbot.egg-info/SOURCES.txt'
[8.676s] writing manifest file 'build/parkingbot/parkingbot.egg-info/SOURCES.txt'
[8.677s] running build
[8.678s] running build_py
[8.678s] copying parkingbot/depth_helper.py -> /home/device07/parkingbot/build/parkingbot/build/lib/parkingbot
[8.680s] copying parkingbot/vision_node.py -> /home/device07/parkingbot/build/parkingbot/build/lib/parkingbot
[8.681s] copying parkingbot/gesture_logic.py -> /home/device07/parkingbot/build/parkingbot/build/lib/parkingbot
[8.682s] copying parkingbot/__init__.py -> /home/device07/parkingbot/build/parkingbot/build/lib/parkingbot
[8.683s] copying parkingbot/pose_wrapper.py -> /home/device07/parkingbot/build/parkingbot/build/lib/parkingbot
[8.685s] running install
[8.711s] running install_lib
[8.797s] creating /home/device07/parkingbot/install/parkingbot/lib/python3.8/site-packages/parkingbot
[8.798s] copying /home/device07/parkingbot/build/parkingbot/build/lib/parkingbot/depth_helper.py -> /home/device07/parkingbot/install/parkingbot/lib/python3.8/site-packages/parkingbot
[8.798s] copying /home/device07/parkingbot/build/parkingbot/build/lib/parkingbot/vision_node.py -> /home/device07/parkingbot/install/parkingbot/lib/python3.8/site-packages/parkingbot
[8.799s] copying /home/device07/parkingbot/build/parkingbot/build/lib/parkingbot/gesture_logic.py -> /home/device07/parkingbot/install/parkingbot/lib/python3.8/site-packages/parkingbot
[8.800s] copying /home/device07/parkingbot/build/parkingbot/build/lib/parkingbot/__init__.py -> /home/device07/parkingbot/install/parkingbot/lib/python3.8/site-packages/parkingbot
[8.801s] copying /home/device07/parkingbot/build/parkingbot/build/lib/parkingbot/pose_wrapper.py -> /home/device07/parkingbot/install/parkingbot/lib/python3.8/site-packages/parkingbot
[8.804s] byte-compiling /home/device07/parkingbot/install/parkingbot/lib/python3.8/site-packages/parkingbot/depth_helper.py to depth_helper.cpython-38.pyc
[8.807s] byte-compiling /home/device07/parkingbot/install/parkingbot/lib/python3.8/site-packages/parkingbot/vision_node.py to vision_node.cpython-38.pyc
[8.812s] byte-compiling /home/device07/parkingbot/install/parkingbot/lib/python3.8/site-packages/parkingbot/gesture_logic.py to gesture_logic.cpython-38.pyc
[8.816s] byte-compiling /home/device07/parkingbot/install/parkingbot/lib/python3.8/site-packages/parkingbot/__init__.py to __init__.cpython-38.pyc
[8.817s] byte-compiling /home/device07/parkingbot/install/parkingbot/lib/python3.8/site-packages/parkingbot/pose_wrapper.py to pose_wrapper.cpython-38.pyc
[8.818s] running install_data
[8.819s] copying resource/parkingbot -> /home/device07/parkingbot/install/parkingbot/share/ament_index/resource_index/packages
[8.820s] copying package.xml -> /home/device07/parkingbot/install/parkingbot/share/parkingbot
[8.821s] copying launch/parkingbot.launch.py -> /home/device07/parkingbot/install/parkingbot/share/parkingbot/launch
[8.822s] running install_egg_info
[8.910s] Copying build/parkingbot/parkingbot.egg-info to /home/device07/parkingbot/install/parkingbot/lib/python3.8/site-packages/parkingbot-0.0.1-py3.8.egg-info
[8.916s] running install_scripts
[9.121s] Installing parkingbot_node script to /home/device07/parkingbot/install/parkingbot/lib/parkingbot
[9.124s] writing list of installed files to '/home/device07/parkingbot/build/parkingbot/install.log'
[9.225s] Invoked command in '/home/device07/parkingbot' returned '0': CONDA_PROMPT_MODIFIER=(jetson07) PYTHONPATH=/home/device07/parkingbot/build/parkingbot/prefix_override:/usr/lib/python3/dist-packages/colcon_core/task/python/colcon_distutils_commands:/home/device07/parkingbot/install/parkingbot/lib/python3.8/site-packages:${PYTHONPATH} /usr/bin/python3 -W ignore:setup.py install is deprecated -W ignore:easy_install command is deprecated setup.py egg_info --egg-base build/parkingbot build --build-base /home/device07/parkingbot/build/parkingbot/build install --record /home/device07/parkingbot/build/parkingbot/install.log --single-version-externally-managed install_data --force
